#! /c/Source/iverilog-install/bin/vvp
:ivl_version "12.0 (devel)" "(s20150603-1539-g2693dd32b)";
:ivl_delay_selection "TYPICAL";
:vpi_time_precision - 12;
:vpi_module "C:\iverilog\lib\ivl\system.vpi";
:vpi_module "C:\iverilog\lib\ivl\vhdl_sys.vpi";
:vpi_module "C:\iverilog\lib\ivl\vhdl_textio.vpi";
:vpi_module "C:\iverilog\lib\ivl\v2005_math.vpi";
:vpi_module "C:\iverilog\lib\ivl\va_math.vpi";
S_00000286183cab90 .scope module, "tb_draft_3" "tb_draft_3" 2 4;
 .timescale -9 -12;
v0000028618421950_0 .var/real "AE", 0 0;
v0000028618423630_0 .var/real "MAE", 0 0;
v0000028618424710_0 .var/real "MEP", 0 0;
v00000286184239f0_0 .var/real "MSE", 0 0;
v0000028618424b70_0 .var/real "RMSE", 0 0;
v0000028618423a90_0 .var "a", 7 0;
v0000028618424a30_0 .var/i "abs_error", 31 0;
v0000028618424530_0 .var/real "abs_error_sum", 0 0;
v00000286184236d0_0 .net "approx_sum", 8 0, L_0000028618429e90;  1 drivers
v0000028618425250_0 .var "b", 7 0;
v0000028618423ef0_0 .var/i "error_count", 31 0;
v0000028618423e50_0 .var/real "error_sum", 0 0;
v0000028618424850_0 .var/i "error_val", 31 0;
v0000028618423b30_0 .var "exact_sum", 8 0;
v0000028618423810_0 .var/i "i", 31 0;
v0000028618423770_0 .var/i "j", 31 0;
v00000286184252f0_0 .var/real "sq_error_sum", 0 0;
v0000028618423bd0_0 .var/i "total_cases", 31 0;
S_00000286183cbbc0 .scope module, "uut" "draft_3" 2 11, 3 3 0, S_00000286183cab90;
 .timescale -9 -12;
    .port_info 0 /INPUT 8 "a";
    .port_info 1 /INPUT 8 "b";
    .port_info 2 /OUTPUT 9 "sum";
L_00000286183b78e0 .functor AND 1, L_0000028618424990, L_00000286184238b0, C4<1>, C4<1>;
L_00000286183b7330 .functor XOR 1, L_0000028618425390, L_0000028618423f90, C4<0>, C4<0>;
L_00000286183b7b10 .functor OR 1, L_0000028618424ad0, L_0000028618424cb0, C4<0>, C4<0>;
L_00000286183b7870 .functor OR 1, L_0000028618424e90, L_0000028618423c70, C4<0>, C4<0>;
L_00000286183b79c0 .functor XOR 1, L_00000286184234f0, L_0000028618423590, C4<0>, C4<0>;
v00000286184216d0_0 .net *"_ivl_1", 0 0, L_0000028618424990;  1 drivers
v0000028618422210_0 .net *"_ivl_11", 0 0, L_0000028618423f90;  1 drivers
v00000286184228f0_0 .net *"_ivl_12", 0 0, L_00000286183b7330;  1 drivers
v0000028618421b30_0 .net *"_ivl_17", 0 0, L_0000028618424ad0;  1 drivers
v0000028618422710_0 .net *"_ivl_19", 0 0, L_0000028618424cb0;  1 drivers
v0000028618421f90_0 .net *"_ivl_20", 0 0, L_00000286183b7b10;  1 drivers
v0000028618421590_0 .net *"_ivl_25", 0 0, L_0000028618424e90;  1 drivers
v00000286184211d0_0 .net *"_ivl_27", 0 0, L_0000028618423c70;  1 drivers
v0000028618421770_0 .net *"_ivl_28", 0 0, L_00000286183b7870;  1 drivers
v00000286184222b0_0 .net *"_ivl_3", 0 0, L_00000286184238b0;  1 drivers
v0000028618420ff0_0 .net *"_ivl_33", 0 0, L_00000286184234f0;  1 drivers
v00000286184223f0_0 .net *"_ivl_35", 0 0, L_0000028618423590;  1 drivers
v0000028618422490_0 .net *"_ivl_36", 0 0, L_00000286183b79c0;  1 drivers
v00000286184225d0_0 .net *"_ivl_9", 0 0, L_0000028618425390;  1 drivers
v00000286184227b0_0 .net "a", 7 0, v0000028618423a90_0;  1 drivers
v0000028618420d70_0 .net "b", 7 0, v0000028618425250_0;  1 drivers
v0000028618420e10_0 .net "cmsp", 0 0, L_00000286183b78e0;  1 drivers
v00000286184218b0_0 .net "sum", 8 0, L_0000028618429e90;  alias, 1 drivers
L_0000028618424990 .part v0000028618423a90_0, 3, 1;
L_00000286184238b0 .part v0000028618425250_0, 3, 1;
L_0000028618425390 .part v0000028618423a90_0, 0, 1;
L_0000028618423f90 .part v0000028618425250_0, 0, 1;
L_0000028618424ad0 .part v0000028618423a90_0, 1, 1;
L_0000028618424cb0 .part v0000028618425250_0, 1, 1;
L_0000028618424e90 .part v0000028618423a90_0, 2, 1;
L_0000028618423c70 .part v0000028618425250_0, 2, 1;
L_00000286184234f0 .part v0000028618423a90_0, 3, 1;
L_0000028618423590 .part v0000028618425250_0, 3, 1;
L_0000028618429990 .part v0000028618423a90_0, 4, 4;
L_00000286184297b0 .part v0000028618425250_0, 4, 4;
LS_0000028618429e90_0_0 .concat8 [ 1 1 1 1], L_00000286183b7330, L_00000286183b7b10, L_00000286183b7870, L_00000286183b79c0;
LS_0000028618429e90_0_4 .concat8 [ 4 1 0 0], L_000002861842a390, L_0000028618425b20;
L_0000028618429e90 .concat8 [ 4 5 0 0], LS_0000028618429e90_0_0, LS_0000028618429e90_0_4;
S_00000286183cbd50 .scope module, "r1" "cla_4bit" 3 24, 4 2 0, S_00000286183cbbc0;
 .timescale -9 -12;
    .port_info 0 /INPUT 4 "a";
    .port_info 1 /INPUT 4 "b";
    .port_info 2 /INPUT 1 "cin";
    .port_info 3 /OUTPUT 4 "sum";
    .port_info 4 /OUTPUT 1 "cout";
L_00000286183b7790 .functor XOR 4, L_0000028618429990, L_00000286184297b0, C4<0000>, C4<0000>;
L_00000286183b7aa0 .functor AND 4, L_0000028618429990, L_00000286184297b0, C4<1111>, C4<1111>;
L_0000028618425e30 .functor AND 1, L_0000028618424170, L_00000286183b78e0, C4<1>, C4<1>;
L_0000028618425f10 .functor OR 1, L_0000028618424030, L_0000028618425e30, C4<0>, C4<0>;
L_0000028618426220 .functor AND 1, L_0000028618424c10, L_0000028618425070, C4<1>, C4<1>;
L_0000028618425c70 .functor OR 1, L_00000286184240d0, L_0000028618426220, C4<0>, C4<0>;
L_00000286184261b0 .functor AND 1, L_0000028618423d10, L_0000028618424350, C4<1>, C4<1>;
L_0000028618426300 .functor AND 1, L_00000286184261b0, L_00000286183b78e0, C4<1>, C4<1>;
L_0000028618425c00 .functor OR 1, L_0000028618425c70, L_0000028618426300, C4<0>, C4<0>;
L_0000028618425810 .functor AND 1, L_0000028618423950, L_0000028618425110, C4<1>, C4<1>;
L_0000028618426290 .functor OR 1, L_0000028618424210, L_0000028618425810, C4<0>, C4<0>;
L_00000286184256c0 .functor AND 1, L_00000286184242b0, L_00000286184243f0, C4<1>, C4<1>;
L_0000028618425960 .functor AND 1, L_00000286184256c0, L_0000028618424490, C4<1>, C4<1>;
L_0000028618425ce0 .functor OR 1, L_0000028618426290, L_0000028618425960, C4<0>, C4<0>;
L_0000028618426370 .functor AND 1, L_00000286184245d0, L_0000028618423db0, C4<1>, C4<1>;
L_0000028618425880 .functor AND 1, L_0000028618426370, L_0000028618424670, C4<1>, C4<1>;
L_0000028618425a40 .functor AND 1, L_0000028618425880, L_00000286183b78e0, C4<1>, C4<1>;
L_00000286184255e0 .functor OR 1, L_0000028618425ce0, L_0000028618425a40, C4<0>, C4<0>;
L_0000028618425730 .functor AND 1, L_00000286184247b0, L_00000286184248f0, C4<1>, C4<1>;
L_00000286184258f0 .functor OR 1, L_0000028618424fd0, L_0000028618425730, C4<0>, C4<0>;
L_0000028618425d50 .functor AND 1, L_0000028618424d50, L_0000028618424df0, C4<1>, C4<1>;
L_0000028618425ea0 .functor AND 1, L_0000028618425d50, L_0000028618424f30, C4<1>, C4<1>;
L_0000028618425dc0 .functor OR 1, L_00000286184258f0, L_0000028618425ea0, C4<0>, C4<0>;
L_0000028618425f80 .functor AND 1, L_00000286184251b0, L_0000028618429670, C4<1>, C4<1>;
L_00000286184259d0 .functor AND 1, L_0000028618425f80, L_000002861842aa70, C4<1>, C4<1>;
L_0000028618425ff0 .functor AND 1, L_00000286184259d0, L_000002861842ac50, C4<1>, C4<1>;
L_00000286184257a0 .functor OR 1, L_0000028618425dc0, L_0000028618425ff0, C4<0>, C4<0>;
L_0000028618426060 .functor AND 1, L_0000028618429ad0, L_000002861842b3d0, C4<1>, C4<1>;
L_0000028618425ab0 .functor AND 1, L_0000028618426060, L_0000028618429f30, C4<1>, C4<1>;
L_00000286184260d0 .functor AND 1, L_0000028618425ab0, L_000002861842ad90, C4<1>, C4<1>;
L_00000286184263e0 .functor AND 1, L_00000286184260d0, L_00000286183b78e0, C4<1>, C4<1>;
L_0000028618425b20 .functor OR 1, L_00000286184257a0, L_00000286184263e0, C4<0>, C4<0>;
L_0000028618425500 .functor XOR 1, L_00000286184295d0, L_00000286183b78e0, C4<0>, C4<0>;
L_0000028618425570 .functor XOR 1, L_00000286184298f0, L_0000028618429fd0, C4<0>, C4<0>;
L_0000028618425650 .functor XOR 1, L_000002861842acf0, L_0000028618429530, C4<0>, C4<0>;
L_0000028618425b90 .functor XOR 1, L_0000028618429710, L_000002861842af70, C4<0>, C4<0>;
v00000286183c0430_0 .net *"_ivl_10", 0 0, L_0000028618425e30;  1 drivers
v00000286183c0570_0 .net *"_ivl_100", 0 0, L_0000028618425f80;  1 drivers
v00000286183bf710_0 .net *"_ivl_103", 0 0, L_000002861842aa70;  1 drivers
v00000286183c04d0_0 .net *"_ivl_104", 0 0, L_00000286184259d0;  1 drivers
v00000286183c0f70_0 .net *"_ivl_107", 0 0, L_000002861842ac50;  1 drivers
v00000286183bf7b0_0 .net *"_ivl_108", 0 0, L_0000028618425ff0;  1 drivers
v00000286183c1150_0 .net *"_ivl_110", 0 0, L_00000286184257a0;  1 drivers
v00000286183c0b10_0 .net *"_ivl_113", 0 0, L_0000028618429ad0;  1 drivers
v00000286183c0610_0 .net *"_ivl_115", 0 0, L_000002861842b3d0;  1 drivers
v00000286183bfe90_0 .net *"_ivl_116", 0 0, L_0000028618426060;  1 drivers
v00000286183c0bb0_0 .net *"_ivl_119", 0 0, L_0000028618429f30;  1 drivers
v00000286183bf990_0 .net *"_ivl_12", 0 0, L_0000028618425f10;  1 drivers
v00000286183c02f0_0 .net *"_ivl_120", 0 0, L_0000028618425ab0;  1 drivers
v00000286183bfa30_0 .net *"_ivl_123", 0 0, L_000002861842ad90;  1 drivers
v00000286183bfdf0_0 .net *"_ivl_124", 0 0, L_00000286184260d0;  1 drivers
v00000286183bfad0_0 .net *"_ivl_126", 0 0, L_00000286184263e0;  1 drivers
v00000286183c0cf0_0 .net *"_ivl_133", 0 0, L_00000286184295d0;  1 drivers
v00000286183bf530_0 .net *"_ivl_134", 0 0, L_0000028618425500;  1 drivers
v00000286183bff30_0 .net *"_ivl_139", 0 0, L_00000286184298f0;  1 drivers
v00000286183c0750_0 .net *"_ivl_141", 0 0, L_0000028618429fd0;  1 drivers
v00000286183c07f0_0 .net *"_ivl_142", 0 0, L_0000028618425570;  1 drivers
v00000286183c0890_0 .net *"_ivl_147", 0 0, L_000002861842acf0;  1 drivers
v00000286183c0930_0 .net *"_ivl_149", 0 0, L_0000028618429530;  1 drivers
v00000286183bfc10_0 .net *"_ivl_150", 0 0, L_0000028618425650;  1 drivers
v00000286183c09d0_0 .net *"_ivl_156", 0 0, L_0000028618429710;  1 drivers
v00000286183c0c50_0 .net *"_ivl_158", 0 0, L_000002861842af70;  1 drivers
v00000286183c0e30_0 .net *"_ivl_159", 0 0, L_0000028618425b90;  1 drivers
o00000286183cf078 .functor BUFZ 1, C4<z>; HiZ drive
; Elide local net with no drivers, v00000286183c1330_0 name=_ivl_163
v00000286183bfcb0_0 .net *"_ivl_17", 0 0, L_00000286184240d0;  1 drivers
v00000286183c11f0_0 .net *"_ivl_19", 0 0, L_0000028618424c10;  1 drivers
v00000286183c0d90_0 .net *"_ivl_21", 0 0, L_0000028618425070;  1 drivers
v00000286183bffd0_0 .net *"_ivl_22", 0 0, L_0000028618426220;  1 drivers
v00000286183bfd50_0 .net *"_ivl_24", 0 0, L_0000028618425c70;  1 drivers
v00000286183c1010_0 .net *"_ivl_27", 0 0, L_0000028618423d10;  1 drivers
v00000286183c0110_0 .net *"_ivl_29", 0 0, L_0000028618424350;  1 drivers
v00000286183c0ed0_0 .net *"_ivl_30", 0 0, L_00000286184261b0;  1 drivers
v00000286183c01b0_0 .net *"_ivl_32", 0 0, L_0000028618426300;  1 drivers
v00000286183c10b0_0 .net *"_ivl_34", 0 0, L_0000028618425c00;  1 drivers
v00000286183bf490_0 .net *"_ivl_39", 0 0, L_0000028618424210;  1 drivers
v00000286183bf5d0_0 .net *"_ivl_41", 0 0, L_0000028618423950;  1 drivers
v00000286183c0250_0 .net *"_ivl_43", 0 0, L_0000028618425110;  1 drivers
v00000286183bf670_0 .net *"_ivl_44", 0 0, L_0000028618425810;  1 drivers
v00000286183b8e90_0 .net *"_ivl_46", 0 0, L_0000028618426290;  1 drivers
v00000286183b8ad0_0 .net *"_ivl_49", 0 0, L_00000286184242b0;  1 drivers
v00000286183b94d0_0 .net *"_ivl_51", 0 0, L_00000286184243f0;  1 drivers
v000002861839d4c0_0 .net *"_ivl_52", 0 0, L_00000286184256c0;  1 drivers
v000002861839db00_0 .net *"_ivl_55", 0 0, L_0000028618424490;  1 drivers
v000002861839dba0_0 .net *"_ivl_56", 0 0, L_0000028618425960;  1 drivers
v0000028618420eb0_0 .net *"_ivl_58", 0 0, L_0000028618425ce0;  1 drivers
v0000028618421090_0 .net *"_ivl_61", 0 0, L_00000286184245d0;  1 drivers
v0000028618421db0_0 .net *"_ivl_63", 0 0, L_0000028618423db0;  1 drivers
v0000028618422990_0 .net *"_ivl_64", 0 0, L_0000028618426370;  1 drivers
v0000028618422a30_0 .net *"_ivl_67", 0 0, L_0000028618424670;  1 drivers
v0000028618421130_0 .net *"_ivl_68", 0 0, L_0000028618425880;  1 drivers
v0000028618422670_0 .net *"_ivl_7", 0 0, L_0000028618424030;  1 drivers
v0000028618420f50_0 .net *"_ivl_70", 0 0, L_0000028618425a40;  1 drivers
v0000028618422ad0_0 .net *"_ivl_72", 0 0, L_00000286184255e0;  1 drivers
v0000028618422350_0 .net *"_ivl_75", 0 0, L_0000028618424fd0;  1 drivers
v0000028618421bd0_0 .net *"_ivl_77", 0 0, L_00000286184247b0;  1 drivers
v0000028618421270_0 .net *"_ivl_79", 0 0, L_00000286184248f0;  1 drivers
v0000028618421310_0 .net *"_ivl_80", 0 0, L_0000028618425730;  1 drivers
v0000028618422b70_0 .net *"_ivl_82", 0 0, L_00000286184258f0;  1 drivers
v0000028618422030_0 .net *"_ivl_85", 0 0, L_0000028618424d50;  1 drivers
v00000286184213b0_0 .net *"_ivl_87", 0 0, L_0000028618424df0;  1 drivers
v0000028618420cd0_0 .net *"_ivl_88", 0 0, L_0000028618425d50;  1 drivers
v0000028618422850_0 .net *"_ivl_9", 0 0, L_0000028618424170;  1 drivers
v0000028618421630_0 .net *"_ivl_91", 0 0, L_0000028618424f30;  1 drivers
v00000286184214f0_0 .net *"_ivl_92", 0 0, L_0000028618425ea0;  1 drivers
v0000028618421810_0 .net *"_ivl_94", 0 0, L_0000028618425dc0;  1 drivers
v0000028618421ef0_0 .net *"_ivl_97", 0 0, L_00000286184251b0;  1 drivers
v0000028618421c70_0 .net *"_ivl_99", 0 0, L_0000028618429670;  1 drivers
v0000028618421e50_0 .net "a", 3 0, L_0000028618429990;  1 drivers
v00000286184220d0_0 .net "b", 3 0, L_00000286184297b0;  1 drivers
v0000028618421450_0 .net "c", 4 1, L_000002861842ae30;  1 drivers
v0000028618421d10_0 .net "cin", 0 0, L_00000286183b78e0;  alias, 1 drivers
v0000028618422170_0 .net "cout", 0 0, L_0000028618425b20;  1 drivers
v00000286184219f0_0 .net "g", 3 0, L_00000286183b7aa0;  1 drivers
v0000028618422530_0 .net "p", 3 0, L_00000286183b7790;  1 drivers
v0000028618421a90_0 .net "sum", 3 0, L_000002861842a390;  1 drivers
L_0000028618424030 .part L_00000286183b7aa0, 0, 1;
L_0000028618424170 .part L_00000286183b7790, 0, 1;
L_00000286184240d0 .part L_00000286183b7aa0, 1, 1;
L_0000028618424c10 .part L_00000286183b7790, 1, 1;
L_0000028618425070 .part L_00000286183b7aa0, 0, 1;
L_0000028618423d10 .part L_00000286183b7790, 1, 1;
L_0000028618424350 .part L_00000286183b7790, 0, 1;
L_0000028618424210 .part L_00000286183b7aa0, 2, 1;
L_0000028618423950 .part L_00000286183b7790, 2, 1;
L_0000028618425110 .part L_00000286183b7aa0, 1, 1;
L_00000286184242b0 .part L_00000286183b7790, 2, 1;
L_00000286184243f0 .part L_00000286183b7790, 1, 1;
L_0000028618424490 .part L_00000286183b7aa0, 0, 1;
L_00000286184245d0 .part L_00000286183b7790, 2, 1;
L_0000028618423db0 .part L_00000286183b7790, 1, 1;
L_0000028618424670 .part L_00000286183b7790, 0, 1;
L_0000028618424fd0 .part L_00000286183b7aa0, 3, 1;
L_00000286184247b0 .part L_00000286183b7790, 3, 1;
L_00000286184248f0 .part L_00000286183b7aa0, 2, 1;
L_0000028618424d50 .part L_00000286183b7790, 3, 1;
L_0000028618424df0 .part L_00000286183b7790, 2, 1;
L_0000028618424f30 .part L_00000286183b7aa0, 1, 1;
L_00000286184251b0 .part L_00000286183b7790, 3, 1;
L_0000028618429670 .part L_00000286183b7790, 2, 1;
L_000002861842aa70 .part L_00000286183b7790, 1, 1;
L_000002861842ac50 .part L_00000286183b7aa0, 0, 1;
L_0000028618429ad0 .part L_00000286183b7790, 3, 1;
L_000002861842b3d0 .part L_00000286183b7790, 2, 1;
L_0000028618429f30 .part L_00000286183b7790, 1, 1;
L_000002861842ad90 .part L_00000286183b7790, 0, 1;
L_00000286184295d0 .part L_00000286183b7790, 0, 1;
L_00000286184298f0 .part L_00000286183b7790, 1, 1;
L_0000028618429fd0 .part L_000002861842ae30, 0, 1;
L_000002861842acf0 .part L_00000286183b7790, 2, 1;
L_0000028618429530 .part L_000002861842ae30, 1, 1;
L_000002861842a390 .concat8 [ 1 1 1 1], L_0000028618425500, L_0000028618425570, L_0000028618425650, L_0000028618425b90;
L_0000028618429710 .part L_00000286183b7790, 3, 1;
L_000002861842af70 .part L_000002861842ae30, 2, 1;
L_000002861842ae30 .concat [ 1 1 1 1], L_0000028618425f10, L_0000028618425c00, L_00000286184255e0, o00000286183cf078;
    .scope S_00000286183cab90;
T_0 ;
    %pushi/vec4 0, 0, 32;
    %store/vec4 v0000028618423ef0_0, 0, 32;
    %pushi/real 0, 4065; load=0.00000
    %store/real v0000028618423e50_0;
    %pushi/real 0, 4065; load=0.00000
    %store/real v0000028618424530_0;
    %pushi/real 0, 4065; load=0.00000
    %store/real v00000286184252f0_0;
    %pushi/vec4 0, 0, 32;
    %store/vec4 v0000028618423bd0_0, 0, 32;
    %pushi/vec4 0, 0, 32;
    %store/vec4 v0000028618423810_0, 0, 32;
T_0.0 ;
    %load/vec4 v0000028618423810_0;
    %cmpi/s 256, 0, 32;
    %jmp/0xz T_0.1, 5;
    %pushi/vec4 0, 0, 32;
    %store/vec4 v0000028618423770_0, 0, 32;
T_0.2 ;
    %load/vec4 v0000028618423770_0;
    %cmpi/s 256, 0, 32;
    %jmp/0xz T_0.3, 5;
    %load/vec4 v0000028618423810_0;
    %pad/s 8;
    %store/vec4 v0000028618423a90_0, 0, 8;
    %load/vec4 v0000028618423770_0;
    %pad/s 8;
    %store/vec4 v0000028618425250_0, 0, 8;
    %delay 1000, 0;
    %load/vec4 v0000028618423a90_0;
    %pad/u 9;
    %load/vec4 v0000028618425250_0;
    %pad/u 9;
    %add;
    %store/vec4 v0000028618423b30_0, 0, 9;
    %load/vec4 v00000286184236d0_0;
    %pad/u 32;
    %load/vec4 v0000028618423b30_0;
    %pad/u 32;
    %sub;
    %store/vec4 v0000028618424850_0, 0, 32;
    %load/vec4 v0000028618424850_0;
    %cmpi/s 0, 0, 32;
    %flag_mov 8, 5;
    %jmp/0 T_0.4, 8;
    %load/vec4 v0000028618424850_0;
    %inv;
    %pushi/vec4 1, 0, 32;
    %add;
    %jmp/1 T_0.5, 8;
T_0.4 ; End of true expr.
    %load/vec4 v0000028618424850_0;
    %jmp/0 T_0.5, 8;
 ; End of false expr.
    %blend;
T_0.5;
    %store/vec4 v0000028618424a30_0, 0, 32;
    %load/vec4 v0000028618424850_0;
    %cmpi/ne 0, 0, 32;
    %jmp/0xz  T_0.6, 4;
    ; show_stmt_assign_vector: Get l-value for compressed += operand
    %load/vec4 v0000028618423ef0_0;
    %pushi/vec4 1, 0, 32;
    %add;
    %store/vec4 v0000028618423ef0_0, 0, 32;
T_0.6 ;
    %load/real v0000028618423e50_0;
    %load/vec4 v0000028618424850_0;
    %cvt/rv/s;
    %add/wr;
    %store/real v0000028618423e50_0;
    %load/real v0000028618424530_0;
    %load/vec4 v0000028618424a30_0;
    %cvt/rv/s;
    %add/wr;
    %store/real v0000028618424530_0;
    %load/real v00000286184252f0_0;
    %load/vec4 v0000028618424850_0;
    %load/vec4 v0000028618424850_0;
    %mul;
    %cvt/rv/s;
    %add/wr;
    %store/real v00000286184252f0_0;
    ; show_stmt_assign_vector: Get l-value for compressed += operand
    %load/vec4 v0000028618423bd0_0;
    %pushi/vec4 1, 0, 32;
    %add;
    %store/vec4 v0000028618423bd0_0, 0, 32;
    %load/vec4 v0000028618423770_0;
    %addi 1, 0, 32;
    %store/vec4 v0000028618423770_0, 0, 32;
    %jmp T_0.2;
T_0.3 ;
    %load/vec4 v0000028618423810_0;
    %addi 1, 0, 32;
    %store/vec4 v0000028618423810_0, 0, 32;
    %jmp T_0.0;
T_0.1 ;
    %load/real v0000028618423e50_0;
    %load/vec4 v0000028618423bd0_0;
    %cvt/rv/s;
    %div/wr;
    %store/real v0000028618421950_0;
    %load/real v0000028618424530_0;
    %load/vec4 v0000028618423bd0_0;
    %cvt/rv/s;
    %div/wr;
    %store/real v0000028618423630_0;
    %load/real v00000286184252f0_0;
    %load/vec4 v0000028618423bd0_0;
    %cvt/rv/s;
    %div/wr;
    %store/real v00000286184239f0_0;
    %vpi_func/r 2 58 "$sqrt", v00000286184239f0_0 {0 0 0};
    %store/real v0000028618424b70_0;
    %load/real v0000028618423630_0;
    %pushi/real 2139095040, 4074; load=510.000
    %div/wr;
    %pushi/real 1677721600, 4072; load=100.000
    %mul/wr;
    %store/real v0000028618424710_0;
    %vpi_call 2 61 "$display", "============================================" {0 0 0};
    %vpi_call 2 62 "$display", "Draft_3 Hybrid Approximate Adder Error Metrics" {0 0 0};
    %vpi_call 2 63 "$display", "Total Cases             = %0d", v0000028618423bd0_0 {0 0 0};
    %load/vec4 v0000028618423ef0_0;
    %cvt/rv/s;
    %pushi/real 1677721600, 4072; load=100.000
    %mul/wr;
    %load/vec4 v0000028618423bd0_0;
    %cvt/rv/s;
    %div/wr;
    %vpi_call 2 64 "$display", "Error Rate (ER)         = %0.4f %%", W<0,r> {0 1 0};
    %vpi_call 2 65 "$display", "Average Error (AE)      = %0.4f", v0000028618421950_0 {0 0 0};
    %vpi_call 2 66 "$display", "Mean Abs Error (MAE/MED)= %0.4f", v0000028618423630_0 {0 0 0};
    %vpi_call 2 67 "$display", "Mean Square Error (MSE) = %0.4f", v00000286184239f0_0 {0 0 0};
    %vpi_call 2 68 "$display", "Root MSE (RMSE)         = %0.4f", v0000028618424b70_0 {0 0 0};
    %vpi_call 2 69 "$display", "Mean Error Percentage   = %0.4f %%", v0000028618424710_0 {0 0 0};
    %vpi_call 2 70 "$display", "============================================" {0 0 0};
    %vpi_call 2 72 "$finish" {0 0 0};
    %end;
    .thread T_0;
# The file index is used to find the file name in the following table.
:file_names 5;
    "N/A";
    "<interactive>";
    "draft_3_tb.v";
    "./draft_3.v";
    "./cla.v";
