#! /c/Source/iverilog-install/bin/vvp
:ivl_version "12.0 (devel)" "(s20150603-1539-g2693dd32b)";
:ivl_delay_selection "TYPICAL";
:vpi_time_precision - 12;
:vpi_module "C:\iverilog\lib\ivl\system.vpi";
:vpi_module "C:\iverilog\lib\ivl\vhdl_sys.vpi";
:vpi_module "C:\iverilog\lib\ivl\vhdl_textio.vpi";
:vpi_module "C:\iverilog\lib\ivl\v2005_math.vpi";
:vpi_module "C:\iverilog\lib\ivl\va_math.vpi";
S_000001878cb9a3d0 .scope module, "tb_brent_kung_adder_4bit" "tb_brent_kung_adder_4bit" 2 4;
 .timescale -9 -12;
v000001878cbfb180_0 .var "a", 3 0;
v000001878cbfb540_0 .var "b", 3 0;
v000001878cbfaaa0_0 .net "carry_out", 0 0, L_000001878cbfe1c0;  1 drivers
v000001878cbfb220_0 .var "cin", 0 0;
v000001878cbfafa0_0 .net "sum", 3 0, L_000001878cb92fd0;  1 drivers
S_000001878cb9a560 .scope begin, "$ivl_for_loop0" "$ivl_for_loop0" 2 27, 2 27 0, S_000001878cb9a3d0;
 .timescale -9 -12;
v000001878cba2fa0_0 .var/i "i", 31 0;
S_000001878cb62d40 .scope begin, "$ivl_for_loop1" "$ivl_for_loop1" 2 28, 2 28 0, S_000001878cb9a560;
 .timescale -9 -12;
v000001878cba35e0_0 .var/i "j", 31 0;
S_000001878cb62ed0 .scope begin, "$ivl_for_loop2" "$ivl_for_loop2" 2 29, 2 29 0, S_000001878cb62d40;
 .timescale -9 -12;
v000001878cba2a00_0 .var/i "k", 31 0;
S_000001878cb63060 .scope module, "uut" "brent_kung_adder_4bit" 2 11, 3 1 0, S_000001878cb9a3d0;
 .timescale -9 -12;
    .port_info 0 /INPUT 4 "a";
    .port_info 1 /INPUT 4 "b";
    .port_info 2 /INPUT 1 "cin";
    .port_info 3 /OUTPUT 4 "sum";
    .port_info 4 /OUTPUT 1 "carry_out";
L_000001878cb92ef0 .functor XOR 4, v000001878cbfb180_0, v000001878cbfb540_0, C4<0000>, C4<0000>;
L_000001878cb93120 .functor AND 4, v000001878cbfb180_0, v000001878cbfb540_0, C4<1111>, C4<1111>;
L_000001878cb92780 .functor AND 1, L_000001878cbfa640, L_000001878cbfb360, C4<1>, C4<1>;
L_000001878cb93270 .functor OR 1, L_000001878cbfa960, L_000001878cb92780, C4<0>, C4<0>;
L_000001878cb93350 .functor AND 1, L_000001878cbfb400, L_000001878cbfb4a0, C4<1>, C4<1>;
L_000001878cb93040 .functor AND 1, L_000001878cbfb040, L_000001878cbfa780, C4<1>, C4<1>;
L_000001878cb932e0 .functor OR 1, L_000001878cbfa6e0, L_000001878cb93040, C4<0>, C4<0>;
L_000001878cb92b70 .functor AND 1, L_000001878cbfb0e0, L_000001878cbfaa00, C4<1>, C4<1>;
L_000001878cb92b00 .functor AND 1, L_000001878cbfa8c0, L_000001878cb93270, C4<1>, C4<1>;
L_000001878cb92be0 .functor OR 1, L_000001878cbfa820, L_000001878cb92b00, C4<0>, C4<0>;
L_000001878cb92cc0 .functor AND 1, L_000001878cbfab40, L_000001878cb93350, C4<1>, C4<1>;
L_000001878cb930b0 .functor AND 1, L_000001878cb92b70, L_000001878cb92be0, C4<1>, C4<1>;
L_000001878cb933c0 .functor OR 1, L_000001878cb932e0, L_000001878cb930b0, C4<0>, C4<0>;
L_000001878cb92940 .functor AND 1, L_000001878cb92b70, L_000001878cb92cc0, C4<1>, C4<1>;
L_000001878cb93580 .functor BUFZ 1, v000001878cbfb220_0, C4<0>, C4<0>, C4<0>;
L_000001878cb92c50 .functor AND 1, L_000001878cbfad20, L_000001878cbfadc0, C4<1>, C4<1>;
L_000001878cb92d30 .functor OR 1, L_000001878cbfac80, L_000001878cb92c50, C4<0>, C4<0>;
L_000001878cb92e10 .functor AND 1, L_000001878cb93350, L_000001878cbfae60, C4<1>, C4<1>;
L_000001878cb92f60 .functor OR 1, L_000001878cb93270, L_000001878cb92e10, C4<0>, C4<0>;
L_000001878cb927f0 .functor AND 1, L_000001878cb92cc0, L_000001878cbfd720, C4<1>, C4<1>;
L_000001878cb93430 .functor OR 1, L_000001878cb92be0, L_000001878cb927f0, C4<0>, C4<0>;
L_000001878cb929b0 .functor AND 1, L_000001878cb92940, L_000001878cbfd900, C4<1>, C4<1>;
L_000001878cb93510 .functor OR 1, L_000001878cb933c0, L_000001878cb929b0, C4<0>, C4<0>;
L_000001878cb92fd0 .functor XOR 4, L_000001878cb92ef0, L_000001878cbfdea0, C4<0000>, C4<0000>;
v000001878cba37c0_0 .net *"_ivl_10", 0 0, L_000001878cb92780;  1 drivers
v000001878cba3ea0_0 .net *"_ivl_15", 0 0, L_000001878cbfb400;  1 drivers
v000001878cba30e0_0 .net *"_ivl_17", 0 0, L_000001878cbfb4a0;  1 drivers
v000001878cba2e60_0 .net *"_ivl_21", 0 0, L_000001878cbfa6e0;  1 drivers
v000001878cba3e00_0 .net *"_ivl_23", 0 0, L_000001878cbfb040;  1 drivers
v000001878cba3360_0 .net *"_ivl_25", 0 0, L_000001878cbfa780;  1 drivers
v000001878cba2aa0_0 .net *"_ivl_26", 0 0, L_000001878cb93040;  1 drivers
v000001878cba3b80_0 .net *"_ivl_31", 0 0, L_000001878cbfb0e0;  1 drivers
v000001878cba21e0_0 .net *"_ivl_33", 0 0, L_000001878cbfaa00;  1 drivers
v000001878cba2000_0 .net *"_ivl_37", 0 0, L_000001878cbfa820;  1 drivers
v000001878cba3c20_0 .net *"_ivl_39", 0 0, L_000001878cbfa8c0;  1 drivers
v000001878cba32c0_0 .net *"_ivl_40", 0 0, L_000001878cb92b00;  1 drivers
v000001878cba2d20_0 .net *"_ivl_45", 0 0, L_000001878cbfab40;  1 drivers
v000001878cba2140_0 .net *"_ivl_48", 0 0, L_000001878cb930b0;  1 drivers
v000001878cba2f00_0 .net *"_ivl_5", 0 0, L_000001878cbfa960;  1 drivers
v000001878cba3040_0 .net *"_ivl_57", 0 0, L_000001878cb93580;  1 drivers
v000001878cba3400_0 .net *"_ivl_61", 0 0, L_000001878cbfac80;  1 drivers
v000001878cba26e0_0 .net *"_ivl_63", 0 0, L_000001878cbfad20;  1 drivers
v000001878cba3540_0 .net *"_ivl_65", 0 0, L_000001878cbfadc0;  1 drivers
v000001878cba39a0_0 .net *"_ivl_66", 0 0, L_000001878cb92c50;  1 drivers
v000001878cba3680_0 .net *"_ivl_68", 0 0, L_000001878cb92d30;  1 drivers
v000001878cba3720_0 .net *"_ivl_7", 0 0, L_000001878cbfa640;  1 drivers
v000001878cba20a0_0 .net *"_ivl_73", 0 0, L_000001878cbfae60;  1 drivers
v000001878cba34a0_0 .net *"_ivl_74", 0 0, L_000001878cb92e10;  1 drivers
v000001878cba3a40_0 .net *"_ivl_76", 0 0, L_000001878cb92f60;  1 drivers
v000001878cba3860_0 .net *"_ivl_81", 0 0, L_000001878cbfd720;  1 drivers
v000001878cba23c0_0 .net *"_ivl_82", 0 0, L_000001878cb927f0;  1 drivers
v000001878cba3ae0_0 .net *"_ivl_84", 0 0, L_000001878cb93430;  1 drivers
v000001878cba3180_0 .net *"_ivl_9", 0 0, L_000001878cbfb360;  1 drivers
v000001878cba3220_0 .net *"_ivl_90", 0 0, L_000001878cbfd900;  1 drivers
v000001878cba2780_0 .net *"_ivl_91", 0 0, L_000001878cb929b0;  1 drivers
v000001878cba2820_0 .net *"_ivl_93", 0 0, L_000001878cb93510;  1 drivers
v000001878cba2280_0 .net *"_ivl_96", 3 0, L_000001878cbfdea0;  1 drivers
v000001878cba28c0_0 .net "a", 3 0, v000001878cbfb180_0;  1 drivers
v000001878cba3cc0_0 .net "b", 3 0, v000001878cbfb540_0;  1 drivers
v000001878cba2320_0 .net "carry", 4 0, L_000001878cbfe120;  1 drivers
v000001878cba2460_0 .net "carry_out", 0 0, L_000001878cbfe1c0;  alias, 1 drivers
v000001878cba2500_0 .net "cin", 0 0, v000001878cbfb220_0;  1 drivers
v000001878cba2c80_0 .net "g", 3 0, L_000001878cb93120;  1 drivers
v000001878cba3d60_0 .net "g1_0", 0 0, L_000001878cb93270;  1 drivers
v000001878cba25a0_0 .net "g2_0", 0 0, L_000001878cb92be0;  1 drivers
v000001878cba2640_0 .net "g3_0", 0 0, L_000001878cb933c0;  1 drivers
v000001878cba2960_0 .net "g3_2", 0 0, L_000001878cb932e0;  1 drivers
v000001878cba2b40_0 .net "p", 3 0, L_000001878cb92ef0;  1 drivers
v000001878cba2be0_0 .net "p1_0", 0 0, L_000001878cb93350;  1 drivers
v000001878cba2dc0_0 .net "p2_0", 0 0, L_000001878cb92cc0;  1 drivers
v000001878cbfb2c0_0 .net "p3_0", 0 0, L_000001878cb92940;  1 drivers
v000001878cbfabe0_0 .net "p3_2", 0 0, L_000001878cb92b70;  1 drivers
v000001878cbfaf00_0 .net "sum", 3 0, L_000001878cb92fd0;  alias, 1 drivers
L_000001878cbfa960 .part L_000001878cb93120, 1, 1;
L_000001878cbfa640 .part L_000001878cb92ef0, 1, 1;
L_000001878cbfb360 .part L_000001878cb93120, 0, 1;
L_000001878cbfb400 .part L_000001878cb92ef0, 1, 1;
L_000001878cbfb4a0 .part L_000001878cb92ef0, 0, 1;
L_000001878cbfa6e0 .part L_000001878cb93120, 3, 1;
L_000001878cbfb040 .part L_000001878cb92ef0, 3, 1;
L_000001878cbfa780 .part L_000001878cb93120, 2, 1;
L_000001878cbfb0e0 .part L_000001878cb92ef0, 3, 1;
L_000001878cbfaa00 .part L_000001878cb92ef0, 2, 1;
L_000001878cbfa820 .part L_000001878cb93120, 2, 1;
L_000001878cbfa8c0 .part L_000001878cb92ef0, 2, 1;
L_000001878cbfab40 .part L_000001878cb92ef0, 2, 1;
L_000001878cbfac80 .part L_000001878cb93120, 0, 1;
L_000001878cbfad20 .part L_000001878cb92ef0, 0, 1;
L_000001878cbfadc0 .part L_000001878cbfe120, 0, 1;
L_000001878cbfae60 .part L_000001878cbfe120, 0, 1;
L_000001878cbfd720 .part L_000001878cbfe120, 0, 1;
LS_000001878cbfe120_0_0 .concat8 [ 1 1 1 1], L_000001878cb93580, L_000001878cb92d30, L_000001878cb92f60, L_000001878cb93430;
LS_000001878cbfe120_0_4 .concat8 [ 1 0 0 0], L_000001878cb93510;
L_000001878cbfe120 .concat8 [ 4 1 0 0], LS_000001878cbfe120_0_0, LS_000001878cbfe120_0_4;
L_000001878cbfd900 .part L_000001878cbfe120, 0, 1;
L_000001878cbfdea0 .part L_000001878cbfe120, 0, 4;
L_000001878cbfe1c0 .part L_000001878cbfe120, 4, 1;
    .scope S_000001878cb9a3d0;
T_0 ;
    %vpi_call 2 20 "$dumpfile", "brent_kung_4bit.vcd" {0 0 0};
    %vpi_call 2 21 "$dumpvars", 32'sb00000000000000000000000000000000, S_000001878cb9a3d0 {0 0 0};
    %vpi_call 2 23 "$monitor", "t=%0t | a=%b(%0d) b=%b(%0d) cin=%b | sum=%b(%0d) cout=%b", $time, v000001878cbfb180_0, v000001878cbfb180_0, v000001878cbfb540_0, v000001878cbfb540_0, v000001878cbfb220_0, v000001878cbfafa0_0, v000001878cbfafa0_0, v000001878cbfaaa0_0 {0 0 0};
    %fork t_1, S_000001878cb9a560;
    %jmp t_0;
    .scope S_000001878cb9a560;
t_1 ;
    %pushi/vec4 0, 0, 32;
    %store/vec4 v000001878cba2fa0_0, 0, 32;
T_0.0 ;
    %load/vec4 v000001878cba2fa0_0;
    %cmpi/s 16, 0, 32;
    %jmp/0xz T_0.1, 5;
    %fork t_3, S_000001878cb62d40;
    %jmp t_2;
    .scope S_000001878cb62d40;
t_3 ;
    %pushi/vec4 0, 0, 32;
    %store/vec4 v000001878cba35e0_0, 0, 32;
T_0.2 ;
    %load/vec4 v000001878cba35e0_0;
    %cmpi/s 16, 0, 32;
    %jmp/0xz T_0.3, 5;
    %fork t_5, S_000001878cb62ed0;
    %jmp t_4;
    .scope S_000001878cb62ed0;
t_5 ;
    %pushi/vec4 0, 0, 32;
    %store/vec4 v000001878cba2a00_0, 0, 32;
T_0.4 ;
    %load/vec4 v000001878cba2a00_0;
    %cmpi/s 2, 0, 32;
    %jmp/0xz T_0.5, 5;
    %load/vec4 v000001878cba2fa0_0;
    %pad/s 4;
    %store/vec4 v000001878cbfb180_0, 0, 4;
    %load/vec4 v000001878cba35e0_0;
    %pad/s 4;
    %store/vec4 v000001878cbfb540_0, 0, 4;
    %load/vec4 v000001878cba2a00_0;
    %pad/s 1;
    %store/vec4 v000001878cbfb220_0, 0, 1;
    %delay 5000, 0;
    %load/vec4 v000001878cba2a00_0;
    %addi 1, 0, 32;
    %store/vec4 v000001878cba2a00_0, 0, 32;
    %jmp T_0.4;
T_0.5 ;
    %end;
    .scope S_000001878cb62d40;
t_4 %join;
    %load/vec4 v000001878cba35e0_0;
    %addi 1, 0, 32;
    %store/vec4 v000001878cba35e0_0, 0, 32;
    %jmp T_0.2;
T_0.3 ;
    %end;
    .scope S_000001878cb9a560;
t_2 %join;
    %load/vec4 v000001878cba2fa0_0;
    %addi 1, 0, 32;
    %store/vec4 v000001878cba2fa0_0, 0, 32;
    %jmp T_0.0;
T_0.1 ;
    %end;
    .scope S_000001878cb9a3d0;
t_0 %join;
    %vpi_call 2 37 "$finish" {0 0 0};
    %end;
    .thread T_0;
# The file index is used to find the file name in the following table.
:file_names 4;
    "N/A";
    "<interactive>";
    "brent_kung_adder_tb.v";
    "./brent_kung_adder.v";
