#! /c/Source/iverilog-install/bin/vvp
:ivl_version "12.0 (devel)" "(s20150603-1539-g2693dd32b)";
:ivl_delay_selection "TYPICAL";
:vpi_time_precision - 12;
:vpi_module "C:\iverilog\lib\ivl\system.vpi";
:vpi_module "C:\iverilog\lib\ivl\vhdl_sys.vpi";
:vpi_module "C:\iverilog\lib\ivl\vhdl_textio.vpi";
:vpi_module "C:\iverilog\lib\ivl\v2005_math.vpi";
:vpi_module "C:\iverilog\lib\ivl\va_math.vpi";
S_0000020942e863a0 .scope module, "tb_lxa_8bit" "tb_lxa_8bit" 2 4;
 .timescale -9 -12;
v0000020942ee0a50_0 .var/real "AE", 0 0;
v0000020942ee0690_0 .var/real "MAE", 0 0;
v0000020942ee0af0_0 .var/real "MEP", 0 0;
v0000020942ee0d70_0 .var/real "MSE", 0 0;
v0000020942ee0b90_0 .var/real "RMSE", 0 0;
v0000020942ee0c30_0 .var "a", 7 0;
v0000020942ee0e10_0 .var/i "abs_error", 31 0;
v0000020942ee0eb0_0 .var/real "abs_error_sum", 0 0;
v0000020942ee0370_0 .net "approx_sum", 8 0, L_0000020942ee1420;  1 drivers
v0000020942ee0f50_0 .var "b", 7 0;
v0000020942ee04b0_0 .var/i "error_count", 31 0;
v0000020942ee05f0_0 .var/real "error_sum", 0 0;
v0000020942ee0730_0 .var/i "error_val", 31 0;
v0000020942ee0cd0_0 .var "exact_sum", 8 0;
v0000020942ee07d0_0 .var/i "i", 31 0;
v0000020942ee0190_0 .var/i "j", 31 0;
v0000020942ee00f0_0 .var/real "sq_error_sum", 0 0;
v0000020942ee0230_0 .var/i "total_cases", 31 0;
S_0000020942e86530 .scope module, "uut" "lxa_8bit" 2 11, 3 2 0, S_0000020942e863a0;
 .timescale -9 -12;
    .port_info 0 /INPUT 8 "a";
    .port_info 1 /INPUT 8 "b";
    .port_info 2 /OUTPUT 9 "sum";
L_0000020942dfb800 .functor XOR 4, L_0000020942ee0870, L_0000020942ee0910, C4<0000>, C4<0000>;
v0000020942e53510_0 .net *"_ivl_14", 3 0, L_0000020942ee1ba0;  1 drivers
v0000020942e53750_0 .net *"_ivl_15", 4 0, L_0000020942ee21e0;  1 drivers
L_0000020942ee30c8 .functor BUFT 1, C4<0>, C4<0>, C4<0>, C4<0>;
v0000020942e53120_0 .net *"_ivl_18", 0 0, L_0000020942ee30c8;  1 drivers
v0000020942e866c0_0 .net *"_ivl_20", 3 0, L_0000020942ee2320;  1 drivers
v0000020942e86760_0 .net *"_ivl_21", 4 0, L_0000020942ee1740;  1 drivers
L_0000020942ee3110 .functor BUFT 1, C4<0>, C4<0>, C4<0>, C4<0>;
v0000020942e7eca0_0 .net *"_ivl_24", 0 0, L_0000020942ee3110;  1 drivers
v0000020942e7ed40_0 .net *"_ivl_25", 4 0, L_0000020942ee23c0;  1 drivers
v0000020942e7ede0_0 .net *"_ivl_3", 3 0, L_0000020942ee0870;  1 drivers
v0000020942e7ee80_0 .net *"_ivl_5", 3 0, L_0000020942ee0910;  1 drivers
v0000020942ee0550_0 .net *"_ivl_6", 3 0, L_0000020942dfb800;  1 drivers
v0000020942ee09b0_0 .net *"_ivl_8", 4 0, L_0000020942ee1880;  1 drivers
v0000020942ee02d0_0 .net "a", 7 0, v0000020942ee0c30_0;  1 drivers
v0000020942ee0ff0_0 .net "b", 7 0, v0000020942ee0f50_0;  1 drivers
v0000020942ee0410_0 .net "sum", 8 0, L_0000020942ee1420;  alias, 1 drivers
L_0000020942ee0870 .part v0000020942ee0c30_0, 0, 4;
L_0000020942ee0910 .part v0000020942ee0f50_0, 0, 4;
L_0000020942ee1420 .concat8 [ 4 5 0 0], L_0000020942dfb800, L_0000020942ee1880;
L_0000020942ee1880 .part L_0000020942ee23c0, 0, 5;
L_0000020942ee1ba0 .part v0000020942ee0c30_0, 4, 4;
L_0000020942ee21e0 .concat [ 4 1 0 0], L_0000020942ee1ba0, L_0000020942ee30c8;
L_0000020942ee2320 .part v0000020942ee0f50_0, 4, 4;
L_0000020942ee1740 .concat [ 4 1 0 0], L_0000020942ee2320, L_0000020942ee3110;
L_0000020942ee23c0 .arith/sum 5, L_0000020942ee21e0, L_0000020942ee1740;
    .scope S_0000020942e863a0;
T_0 ;
    %pushi/vec4 0, 0, 32;
    %store/vec4 v0000020942ee04b0_0, 0, 32;
    %pushi/real 0, 4065; load=0.00000
    %store/real v0000020942ee05f0_0;
    %pushi/real 0, 4065; load=0.00000
    %store/real v0000020942ee0eb0_0;
    %pushi/real 0, 4065; load=0.00000
    %store/real v0000020942ee00f0_0;
    %pushi/vec4 0, 0, 32;
    %store/vec4 v0000020942ee0230_0, 0, 32;
    %pushi/vec4 0, 0, 32;
    %store/vec4 v0000020942ee07d0_0, 0, 32;
T_0.0 ;
    %load/vec4 v0000020942ee07d0_0;
    %cmpi/s 256, 0, 32;
    %jmp/0xz T_0.1, 5;
    %pushi/vec4 0, 0, 32;
    %store/vec4 v0000020942ee0190_0, 0, 32;
T_0.2 ;
    %load/vec4 v0000020942ee0190_0;
    %cmpi/s 256, 0, 32;
    %jmp/0xz T_0.3, 5;
    %load/vec4 v0000020942ee07d0_0;
    %pad/s 8;
    %store/vec4 v0000020942ee0c30_0, 0, 8;
    %load/vec4 v0000020942ee0190_0;
    %pad/s 8;
    %store/vec4 v0000020942ee0f50_0, 0, 8;
    %delay 1000, 0;
    %load/vec4 v0000020942ee0c30_0;
    %pad/u 9;
    %load/vec4 v0000020942ee0f50_0;
    %pad/u 9;
    %add;
    %store/vec4 v0000020942ee0cd0_0, 0, 9;
    %load/vec4 v0000020942ee0370_0;
    %pad/u 32;
    %load/vec4 v0000020942ee0cd0_0;
    %pad/u 32;
    %sub;
    %store/vec4 v0000020942ee0730_0, 0, 32;
    %load/vec4 v0000020942ee0730_0;
    %cmpi/s 0, 0, 32;
    %flag_mov 8, 5;
    %jmp/0 T_0.4, 8;
    %load/vec4 v0000020942ee0730_0;
    %inv;
    %pushi/vec4 1, 0, 32;
    %add;
    %jmp/1 T_0.5, 8;
T_0.4 ; End of true expr.
    %load/vec4 v0000020942ee0730_0;
    %jmp/0 T_0.5, 8;
 ; End of false expr.
    %blend;
T_0.5;
    %store/vec4 v0000020942ee0e10_0, 0, 32;
    %load/vec4 v0000020942ee0730_0;
    %cmpi/ne 0, 0, 32;
    %jmp/0xz  T_0.6, 4;
    ; show_stmt_assign_vector: Get l-value for compressed += operand
    %load/vec4 v0000020942ee04b0_0;
    %pushi/vec4 1, 0, 32;
    %add;
    %store/vec4 v0000020942ee04b0_0, 0, 32;
T_0.6 ;
    %load/real v0000020942ee05f0_0;
    %load/vec4 v0000020942ee0730_0;
    %cvt/rv/s;
    %add/wr;
    %store/real v0000020942ee05f0_0;
    %load/real v0000020942ee0eb0_0;
    %load/vec4 v0000020942ee0e10_0;
    %cvt/rv/s;
    %add/wr;
    %store/real v0000020942ee0eb0_0;
    %load/real v0000020942ee00f0_0;
    %load/vec4 v0000020942ee0730_0;
    %load/vec4 v0000020942ee0730_0;
    %mul;
    %cvt/rv/s;
    %add/wr;
    %store/real v0000020942ee00f0_0;
    ; show_stmt_assign_vector: Get l-value for compressed += operand
    %load/vec4 v0000020942ee0230_0;
    %pushi/vec4 1, 0, 32;
    %add;
    %store/vec4 v0000020942ee0230_0, 0, 32;
    %load/vec4 v0000020942ee0190_0;
    %addi 1, 0, 32;
    %store/vec4 v0000020942ee0190_0, 0, 32;
    %jmp T_0.2;
T_0.3 ;
    %load/vec4 v0000020942ee07d0_0;
    %addi 1, 0, 32;
    %store/vec4 v0000020942ee07d0_0, 0, 32;
    %jmp T_0.0;
T_0.1 ;
    %load/real v0000020942ee05f0_0;
    %load/vec4 v0000020942ee0230_0;
    %cvt/rv/s;
    %div/wr;
    %store/real v0000020942ee0a50_0;
    %load/real v0000020942ee0eb0_0;
    %load/vec4 v0000020942ee0230_0;
    %cvt/rv/s;
    %div/wr;
    %store/real v0000020942ee0690_0;
    %load/real v0000020942ee00f0_0;
    %load/vec4 v0000020942ee0230_0;
    %cvt/rv/s;
    %div/wr;
    %store/real v0000020942ee0d70_0;
    %vpi_func/r 2 57 "$sqrt", v0000020942ee0d70_0 {0 0 0};
    %store/real v0000020942ee0b90_0;
    %load/real v0000020942ee0690_0;
    %pushi/real 2139095040, 4074; load=510.000
    %div/wr;
    %pushi/real 1677721600, 4072; load=100.000
    %mul/wr;
    %store/real v0000020942ee0af0_0;
    %vpi_call 2 60 "$display", "============================================" {0 0 0};
    %vpi_call 2 61 "$display", "LXA 8-bit Approximate Adder Error Metrics" {0 0 0};
    %vpi_call 2 62 "$display", "Total Cases             = %0d", v0000020942ee0230_0 {0 0 0};
    %load/vec4 v0000020942ee04b0_0;
    %cvt/rv/s;
    %pushi/real 1677721600, 4072; load=100.000
    %mul/wr;
    %load/vec4 v0000020942ee0230_0;
    %cvt/rv/s;
    %div/wr;
    %vpi_call 2 63 "$display", "Error Rate (ER)         = %0.4f %%", W<0,r> {0 1 0};
    %vpi_call 2 64 "$display", "Average Error (AE)      = %0.4f", v0000020942ee0a50_0 {0 0 0};
    %vpi_call 2 65 "$display", "Mean Abs Error (MAE/MED)= %0.4f", v0000020942ee0690_0 {0 0 0};
    %vpi_call 2 66 "$display", "Mean Square Error (MSE) = %0.4f", v0000020942ee0d70_0 {0 0 0};
    %vpi_call 2 67 "$display", "Root MSE (RMSE)         = %0.4f", v0000020942ee0b90_0 {0 0 0};
    %vpi_call 2 68 "$display", "Mean Error Percentage   = %0.4f %%", v0000020942ee0af0_0 {0 0 0};
    %vpi_call 2 69 "$display", "============================================" {0 0 0};
    %vpi_call 2 71 "$finish" {0 0 0};
    %end;
    .thread T_0;
# The file index is used to find the file name in the following table.
:file_names 4;
    "N/A";
    "<interactive>";
    "lxa_tb.v";
    "./lxa.v";
