#! /c/Source/iverilog-install/bin/vvp
:ivl_version "12.0 (devel)" "(s20150603-1539-g2693dd32b)";
:ivl_delay_selection "TYPICAL";
:vpi_time_precision + 0;
:vpi_module "C:\iverilog\lib\ivl\system.vpi";
:vpi_module "C:\iverilog\lib\ivl\vhdl_sys.vpi";
:vpi_module "C:\iverilog\lib\ivl\vhdl_textio.vpi";
:vpi_module "C:\iverilog\lib\ivl\v2005_math.vpi";
:vpi_module "C:\iverilog\lib\ivl\va_math.vpi";
S_0000018048d62ce0 .scope module, "full_adder" "full_adder" 2 1;
 .timescale 0 0;
    .port_info 0 /INPUT 1 "a";
    .port_info 1 /INPUT 1 "b";
    .port_info 2 /OUTPUT 1 "sum";
    .port_info 3 /INPUT 1 "cin";
    .port_info 4 /OUTPUT 1 "cout";
o0000018048d97078 .functor BUFZ 1, C4<z>; HiZ drive
o0000018048d970a8 .functor BUFZ 1, C4<z>; HiZ drive
L_0000018048d4aba0 .functor XOR 1, o0000018048d97078, o0000018048d970a8, C4<0>, C4<0>;
o0000018048d970d8 .functor BUFZ 1, C4<z>; HiZ drive
L_0000018048d63600 .functor XOR 1, L_0000018048d4aba0, o0000018048d970d8, C4<0>, C4<0>;
L_0000018048d63760 .functor AND 1, o0000018048d97078, o0000018048d970a8, C4<1>, C4<1>;
L_0000018048d911e0 .functor AND 1, o0000018048d970a8, o0000018048d970d8, C4<1>, C4<1>;
L_0000018048d91250 .functor OR 1, L_0000018048d63760, L_0000018048d911e0, C4<0>, C4<0>;
L_0000018048d912c0 .functor AND 1, o0000018048d970d8, o0000018048d97078, C4<1>, C4<1>;
L_0000018048d91330 .functor OR 1, L_0000018048d91250, L_0000018048d912c0, C4<0>, C4<0>;
v0000018048d4ab00_0 .net *"_ivl_0", 0 0, L_0000018048d4aba0;  1 drivers
v0000018048d4eda0_0 .net *"_ivl_10", 0 0, L_0000018048d912c0;  1 drivers
v0000018048d4ee40_0 .net *"_ivl_4", 0 0, L_0000018048d63760;  1 drivers
v0000018048d4eee0_0 .net *"_ivl_6", 0 0, L_0000018048d911e0;  1 drivers
v0000018048d62e70_0 .net *"_ivl_8", 0 0, L_0000018048d91250;  1 drivers
v0000018048d62f10_0 .net "a", 0 0, o0000018048d97078;  0 drivers
v0000018048d62fb0_0 .net "b", 0 0, o0000018048d970a8;  0 drivers
v0000018048d63050_0 .net "cin", 0 0, o0000018048d970d8;  0 drivers
v0000018048d910a0_0 .net "cout", 0 0, L_0000018048d91330;  1 drivers
v0000018048d91140_0 .net "sum", 0 0, L_0000018048d63600;  1 drivers
# The file index is used to find the file name in the following table.
:file_names 3;
    "N/A";
    "<interactive>";
    "full_adder.v";
