#! /c/Source/iverilog-install/bin/vvp
:ivl_version "12.0 (devel)" "(s20150603-1539-g2693dd32b)";
:ivl_delay_selection "TYPICAL";
:vpi_time_precision + 0;
:vpi_module "C:\iverilog\lib\ivl\system.vpi";
:vpi_module "C:\iverilog\lib\ivl\vhdl_sys.vpi";
:vpi_module "C:\iverilog\lib\ivl\vhdl_textio.vpi";
:vpi_module "C:\iverilog\lib\ivl\v2005_math.vpi";
:vpi_module "C:\iverilog\lib\ivl\va_math.vpi";
S_000001ab49685a50 .scope module, "ripple_carry_adder" "ripple_carry_adder" 2 3;
 .timescale 0 0;
    .port_info 0 /INPUT 8 "a";
    .port_info 1 /INPUT 8 "b";
    .port_info 2 /OUTPUT 9 "sum";
o000001ab49695bc8 .functor BUFZ 8, C4<zzzzzzzz>; HiZ drive
v000001ab496ec8f0_0 .net "a", 7 0, o000001ab49695bc8;  0 drivers
o000001ab49695bf8 .functor BUFZ 8, C4<zzzzzzzz>; HiZ drive
v000001ab496eca30_0 .net "b", 7 0, o000001ab49695bf8;  0 drivers
v000001ab496ed4d0_0 .net "c0", 0 0, L_000001ab4968f140;  1 drivers
v000001ab496ec350_0 .net "c1", 0 0, L_000001ab49737130;  1 drivers
v000001ab496ec990_0 .net "c2", 0 0, L_000001ab49737d00;  1 drivers
v000001ab496ec170_0 .net "c3", 0 0, L_000001ab49736fe0;  1 drivers
v000001ab496ecf30_0 .net "c4", 0 0, L_000001ab49737a60;  1 drivers
v000001ab496ed7f0_0 .net "c5", 0 0, L_000001ab497379f0;  1 drivers
v000001ab496ecdf0_0 .net "c6", 0 0, L_000001ab4973a460;  1 drivers
v000001ab496ec530_0 .net "sum", 8 0, L_000001ab496ed430;  1 drivers
L_000001ab496ecfd0 .part o000001ab49695bc8, 0, 1;
L_000001ab496ec5d0 .part o000001ab49695bf8, 0, 1;
L_000001ab496ecb70 .part o000001ab49695bc8, 1, 1;
L_000001ab496ebf90 .part o000001ab49695bf8, 1, 1;
L_000001ab496ec670 .part o000001ab49695bc8, 2, 1;
L_000001ab496ed890 .part o000001ab49695bf8, 2, 1;
L_000001ab496ed070 .part o000001ab49695bc8, 3, 1;
L_000001ab496ec7b0 .part o000001ab49695bf8, 3, 1;
L_000001ab496ec850 .part o000001ab49695bc8, 4, 1;
L_000001ab496ed570 .part o000001ab49695bf8, 4, 1;
L_000001ab496edc50 .part o000001ab49695bc8, 5, 1;
L_000001ab496ed110 .part o000001ab49695bf8, 5, 1;
L_000001ab496ed1b0 .part o000001ab49695bc8, 6, 1;
L_000001ab496ed250 .part o000001ab49695bf8, 6, 1;
L_000001ab496ed2f0 .part o000001ab49695bc8, 7, 1;
L_000001ab496ed390 .part o000001ab49695bf8, 7, 1;
LS_000001ab496ed430_0_0 .concat8 [ 1 1 1 1], L_000001ab4968f060, L_000001ab4968eab0, L_000001ab49737750, L_000001ab49737e50;
LS_000001ab496ed430_0_4 .concat8 [ 1 1 1 1], L_000001ab49737600, L_000001ab49737440, L_000001ab497378a0, L_000001ab4973a770;
LS_000001ab496ed430_0_8 .concat8 [ 1 0 0 0], L_000001ab4973ae00;
L_000001ab496ed430 .concat8 [ 4 4 1 0], LS_000001ab496ed430_0_0, LS_000001ab496ed430_0_4, LS_000001ab496ed430_0_8;
S_000001ab49685be0 .scope module, "f0" "full_adder" 2 10, 3 1 0, S_000001ab49685a50;
 .timescale 0 0;
    .port_info 0 /INPUT 1 "a";
    .port_info 1 /INPUT 1 "b";
    .port_info 2 /OUTPUT 1 "sum";
    .port_info 3 /INPUT 1 "cin";
    .port_info 4 /OUTPUT 1 "cout";
L_000001ab4968eff0 .functor XOR 1, L_000001ab496ecfd0, L_000001ab496ec5d0, C4<0>, C4<0>;
L_000001ab496eef18 .functor BUFT 1, C4<0>, C4<0>, C4<0>, C4<0>;
L_000001ab4968f060 .functor XOR 1, L_000001ab4968eff0, L_000001ab496eef18, C4<0>, C4<0>;
L_000001ab4968f0d0 .functor AND 1, L_000001ab496ecfd0, L_000001ab496ec5d0, C4<1>, C4<1>;
L_000001ab4968f300 .functor AND 1, L_000001ab496ec5d0, L_000001ab496eef18, C4<1>, C4<1>;
L_000001ab4968ea40 .functor OR 1, L_000001ab4968f0d0, L_000001ab4968f300, C4<0>, C4<0>;
L_000001ab4968e5e0 .functor AND 1, L_000001ab496eef18, L_000001ab496ecfd0, C4<1>, C4<1>;
L_000001ab4968f140 .functor OR 1, L_000001ab4968ea40, L_000001ab4968e5e0, C4<0>, C4<0>;
v000001ab4968d460_0 .net *"_ivl_0", 0 0, L_000001ab4968eff0;  1 drivers
v000001ab4968de60_0 .net *"_ivl_10", 0 0, L_000001ab4968e5e0;  1 drivers
v000001ab4968d640_0 .net *"_ivl_4", 0 0, L_000001ab4968f0d0;  1 drivers
v000001ab4968daa0_0 .net *"_ivl_6", 0 0, L_000001ab4968f300;  1 drivers
v000001ab4968c9c0_0 .net *"_ivl_8", 0 0, L_000001ab4968ea40;  1 drivers
v000001ab4968d140_0 .net "a", 0 0, L_000001ab496ecfd0;  1 drivers
v000001ab4968d6e0_0 .net "b", 0 0, L_000001ab496ec5d0;  1 drivers
v000001ab4968d780_0 .net "cin", 0 0, L_000001ab496eef18;  1 drivers
v000001ab4968d960_0 .net "cout", 0 0, L_000001ab4968f140;  alias, 1 drivers
v000001ab4968cba0_0 .net "sum", 0 0, L_000001ab4968f060;  1 drivers
S_000001ab496e83e0 .scope module, "f1" "full_adder" 2 11, 3 1 0, S_000001ab49685a50;
 .timescale 0 0;
    .port_info 0 /INPUT 1 "a";
    .port_info 1 /INPUT 1 "b";
    .port_info 2 /OUTPUT 1 "sum";
    .port_info 3 /INPUT 1 "cin";
    .port_info 4 /OUTPUT 1 "cout";
L_000001ab4968f370 .functor XOR 1, L_000001ab496ecb70, L_000001ab496ebf90, C4<0>, C4<0>;
L_000001ab4968eab0 .functor XOR 1, L_000001ab4968f370, L_000001ab4968f140, C4<0>, C4<0>;
L_000001ab4968f3e0 .functor AND 1, L_000001ab496ecb70, L_000001ab496ebf90, C4<1>, C4<1>;
L_000001ab4968eb20 .functor AND 1, L_000001ab496ebf90, L_000001ab4968f140, C4<1>, C4<1>;
L_000001ab4968eb90 .functor OR 1, L_000001ab4968f3e0, L_000001ab4968eb20, C4<0>, C4<0>;
L_000001ab497370c0 .functor AND 1, L_000001ab4968f140, L_000001ab496ecb70, C4<1>, C4<1>;
L_000001ab49737130 .functor OR 1, L_000001ab4968eb90, L_000001ab497370c0, C4<0>, C4<0>;
v000001ab4968dc80_0 .net *"_ivl_0", 0 0, L_000001ab4968f370;  1 drivers
v000001ab4968dd20_0 .net *"_ivl_10", 0 0, L_000001ab497370c0;  1 drivers
v000001ab4968df00_0 .net *"_ivl_4", 0 0, L_000001ab4968f3e0;  1 drivers
v000001ab4968e360_0 .net *"_ivl_6", 0 0, L_000001ab4968eb20;  1 drivers
v000001ab4968e400_0 .net *"_ivl_8", 0 0, L_000001ab4968eb90;  1 drivers
v000001ab4967f320_0 .net "a", 0 0, L_000001ab496ecb70;  1 drivers
v000001ab4967ece0_0 .net "b", 0 0, L_000001ab496ebf90;  1 drivers
v000001ab4967f460_0 .net "cin", 0 0, L_000001ab4968f140;  alias, 1 drivers
v000001ab496e9c40_0 .net "cout", 0 0, L_000001ab49737130;  alias, 1 drivers
v000001ab496e97e0_0 .net "sum", 0 0, L_000001ab4968eab0;  1 drivers
S_000001ab496ea580 .scope module, "f2" "full_adder" 2 12, 3 1 0, S_000001ab49685a50;
 .timescale 0 0;
    .port_info 0 /INPUT 1 "a";
    .port_info 1 /INPUT 1 "b";
    .port_info 2 /OUTPUT 1 "sum";
    .port_info 3 /INPUT 1 "cin";
    .port_info 4 /OUTPUT 1 "cout";
L_000001ab49737360 .functor XOR 1, L_000001ab496ec670, L_000001ab496ed890, C4<0>, C4<0>;
L_000001ab49737750 .functor XOR 1, L_000001ab49737360, L_000001ab49737130, C4<0>, C4<0>;
L_000001ab497377c0 .functor AND 1, L_000001ab496ec670, L_000001ab496ed890, C4<1>, C4<1>;
L_000001ab49737670 .functor AND 1, L_000001ab496ed890, L_000001ab49737130, C4<1>, C4<1>;
L_000001ab49737910 .functor OR 1, L_000001ab497377c0, L_000001ab49737670, C4<0>, C4<0>;
L_000001ab497371a0 .functor AND 1, L_000001ab49737130, L_000001ab496ec670, C4<1>, C4<1>;
L_000001ab49737d00 .functor OR 1, L_000001ab49737910, L_000001ab497371a0, C4<0>, C4<0>;
v000001ab496e8ac0_0 .net *"_ivl_0", 0 0, L_000001ab49737360;  1 drivers
v000001ab496e8fc0_0 .net *"_ivl_10", 0 0, L_000001ab497371a0;  1 drivers
v000001ab496e9740_0 .net *"_ivl_4", 0 0, L_000001ab497377c0;  1 drivers
v000001ab496e9560_0 .net *"_ivl_6", 0 0, L_000001ab49737670;  1 drivers
v000001ab496e8b60_0 .net *"_ivl_8", 0 0, L_000001ab49737910;  1 drivers
v000001ab496e92e0_0 .net "a", 0 0, L_000001ab496ec670;  1 drivers
v000001ab496ea460_0 .net "b", 0 0, L_000001ab496ed890;  1 drivers
v000001ab496e8700_0 .net "cin", 0 0, L_000001ab49737130;  alias, 1 drivers
v000001ab496e8f20_0 .net "cout", 0 0, L_000001ab49737d00;  alias, 1 drivers
v000001ab496e9600_0 .net "sum", 0 0, L_000001ab49737750;  1 drivers
S_000001ab496ea710 .scope module, "f3" "full_adder" 2 13, 3 1 0, S_000001ab49685a50;
 .timescale 0 0;
    .port_info 0 /INPUT 1 "a";
    .port_info 1 /INPUT 1 "b";
    .port_info 2 /OUTPUT 1 "sum";
    .port_info 3 /INPUT 1 "cin";
    .port_info 4 /OUTPUT 1 "cout";
L_000001ab49737b40 .functor XOR 1, L_000001ab496ed070, L_000001ab496ec7b0, C4<0>, C4<0>;
L_000001ab49737e50 .functor XOR 1, L_000001ab49737b40, L_000001ab49737d00, C4<0>, C4<0>;
L_000001ab49737280 .functor AND 1, L_000001ab496ed070, L_000001ab496ec7b0, C4<1>, C4<1>;
L_000001ab49737de0 .functor AND 1, L_000001ab496ec7b0, L_000001ab49737d00, C4<1>, C4<1>;
L_000001ab49737d70 .functor OR 1, L_000001ab49737280, L_000001ab49737de0, C4<0>, C4<0>;
L_000001ab49736f70 .functor AND 1, L_000001ab49737d00, L_000001ab496ed070, C4<1>, C4<1>;
L_000001ab49736fe0 .functor OR 1, L_000001ab49737d70, L_000001ab49736f70, C4<0>, C4<0>;
v000001ab496e9420_0 .net *"_ivl_0", 0 0, L_000001ab49737b40;  1 drivers
v000001ab496e99c0_0 .net *"_ivl_10", 0 0, L_000001ab49736f70;  1 drivers
v000001ab496e9b00_0 .net *"_ivl_4", 0 0, L_000001ab49737280;  1 drivers
v000001ab496e8660_0 .net *"_ivl_6", 0 0, L_000001ab49737de0;  1 drivers
v000001ab496e9d80_0 .net *"_ivl_8", 0 0, L_000001ab49737d70;  1 drivers
v000001ab496e9060_0 .net "a", 0 0, L_000001ab496ed070;  1 drivers
v000001ab496e9880_0 .net "b", 0 0, L_000001ab496ec7b0;  1 drivers
v000001ab496e9100_0 .net "cin", 0 0, L_000001ab49737d00;  alias, 1 drivers
v000001ab496e8a20_0 .net "cout", 0 0, L_000001ab49736fe0;  alias, 1 drivers
v000001ab496e85c0_0 .net "sum", 0 0, L_000001ab49737e50;  1 drivers
S_000001ab496ea8a0 .scope module, "f4" "full_adder" 2 14, 3 1 0, S_000001ab49685a50;
 .timescale 0 0;
    .port_info 0 /INPUT 1 "a";
    .port_info 1 /INPUT 1 "b";
    .port_info 2 /OUTPUT 1 "sum";
    .port_info 3 /INPUT 1 "cin";
    .port_info 4 /OUTPUT 1 "cout";
L_000001ab49737c20 .functor XOR 1, L_000001ab496ec850, L_000001ab496ed570, C4<0>, C4<0>;
L_000001ab49737600 .functor XOR 1, L_000001ab49737c20, L_000001ab49736fe0, C4<0>, C4<0>;
L_000001ab497372f0 .functor AND 1, L_000001ab496ec850, L_000001ab496ed570, C4<1>, C4<1>;
L_000001ab49737050 .functor AND 1, L_000001ab496ed570, L_000001ab49736fe0, C4<1>, C4<1>;
L_000001ab49737210 .functor OR 1, L_000001ab497372f0, L_000001ab49737050, C4<0>, C4<0>;
L_000001ab497376e0 .functor AND 1, L_000001ab49736fe0, L_000001ab496ec850, C4<1>, C4<1>;
L_000001ab49737a60 .functor OR 1, L_000001ab49737210, L_000001ab497376e0, C4<0>, C4<0>;
v000001ab496e9ba0_0 .net *"_ivl_0", 0 0, L_000001ab49737c20;  1 drivers
v000001ab496e87a0_0 .net *"_ivl_10", 0 0, L_000001ab497376e0;  1 drivers
v000001ab496e91a0_0 .net *"_ivl_4", 0 0, L_000001ab497372f0;  1 drivers
v000001ab496ea0a0_0 .net *"_ivl_6", 0 0, L_000001ab49737050;  1 drivers
v000001ab496e9ce0_0 .net *"_ivl_8", 0 0, L_000001ab49737210;  1 drivers
v000001ab496e8980_0 .net "a", 0 0, L_000001ab496ec850;  1 drivers
v000001ab496e8c00_0 .net "b", 0 0, L_000001ab496ed570;  1 drivers
v000001ab496e8ca0_0 .net "cin", 0 0, L_000001ab49736fe0;  alias, 1 drivers
v000001ab496e9e20_0 .net "cout", 0 0, L_000001ab49737a60;  alias, 1 drivers
v000001ab496e9380_0 .net "sum", 0 0, L_000001ab49737600;  1 drivers
S_000001ab496eba40 .scope module, "f5" "full_adder" 2 15, 3 1 0, S_000001ab49685a50;
 .timescale 0 0;
    .port_info 0 /INPUT 1 "a";
    .port_info 1 /INPUT 1 "b";
    .port_info 2 /OUTPUT 1 "sum";
    .port_info 3 /INPUT 1 "cin";
    .port_info 4 /OUTPUT 1 "cout";
L_000001ab497373d0 .functor XOR 1, L_000001ab496edc50, L_000001ab496ed110, C4<0>, C4<0>;
L_000001ab49737440 .functor XOR 1, L_000001ab497373d0, L_000001ab49737a60, C4<0>, C4<0>;
L_000001ab497374b0 .functor AND 1, L_000001ab496edc50, L_000001ab496ed110, C4<1>, C4<1>;
L_000001ab49737830 .functor AND 1, L_000001ab496ed110, L_000001ab49737a60, C4<1>, C4<1>;
L_000001ab49737980 .functor OR 1, L_000001ab497374b0, L_000001ab49737830, C4<0>, C4<0>;
L_000001ab49737ad0 .functor AND 1, L_000001ab49737a60, L_000001ab496edc50, C4<1>, C4<1>;
L_000001ab497379f0 .functor OR 1, L_000001ab49737980, L_000001ab49737ad0, C4<0>, C4<0>;
v000001ab496ea280_0 .net *"_ivl_0", 0 0, L_000001ab497373d0;  1 drivers
v000001ab496e9f60_0 .net *"_ivl_10", 0 0, L_000001ab49737ad0;  1 drivers
v000001ab496e8de0_0 .net *"_ivl_4", 0 0, L_000001ab497374b0;  1 drivers
v000001ab496e8840_0 .net *"_ivl_6", 0 0, L_000001ab49737830;  1 drivers
v000001ab496ea1e0_0 .net *"_ivl_8", 0 0, L_000001ab49737980;  1 drivers
v000001ab496e9240_0 .net "a", 0 0, L_000001ab496edc50;  1 drivers
v000001ab496e9ec0_0 .net "b", 0 0, L_000001ab496ed110;  1 drivers
v000001ab496e94c0_0 .net "cin", 0 0, L_000001ab49737a60;  alias, 1 drivers
v000001ab496ea320_0 .net "cout", 0 0, L_000001ab497379f0;  alias, 1 drivers
v000001ab496e96a0_0 .net "sum", 0 0, L_000001ab49737440;  1 drivers
S_000001ab496ebbd0 .scope module, "f6" "full_adder" 2 16, 3 1 0, S_000001ab49685a50;
 .timescale 0 0;
    .port_info 0 /INPUT 1 "a";
    .port_info 1 /INPUT 1 "b";
    .port_info 2 /OUTPUT 1 "sum";
    .port_info 3 /INPUT 1 "cin";
    .port_info 4 /OUTPUT 1 "cout";
L_000001ab49737590 .functor XOR 1, L_000001ab496ed1b0, L_000001ab496ed250, C4<0>, C4<0>;
L_000001ab497378a0 .functor XOR 1, L_000001ab49737590, L_000001ab497379f0, C4<0>, C4<0>;
L_000001ab49737bb0 .functor AND 1, L_000001ab496ed1b0, L_000001ab496ed250, C4<1>, C4<1>;
L_000001ab49737c90 .functor AND 1, L_000001ab496ed250, L_000001ab497379f0, C4<1>, C4<1>;
L_000001ab4973a2a0 .functor OR 1, L_000001ab49737bb0, L_000001ab49737c90, C4<0>, C4<0>;
L_000001ab4973a700 .functor AND 1, L_000001ab497379f0, L_000001ab496ed1b0, C4<1>, C4<1>;
L_000001ab4973a460 .functor OR 1, L_000001ab4973a2a0, L_000001ab4973a700, C4<0>, C4<0>;
v000001ab496e88e0_0 .net *"_ivl_0", 0 0, L_000001ab49737590;  1 drivers
v000001ab496e8d40_0 .net *"_ivl_10", 0 0, L_000001ab4973a700;  1 drivers
v000001ab496e9920_0 .net *"_ivl_4", 0 0, L_000001ab49737bb0;  1 drivers
v000001ab496e8e80_0 .net *"_ivl_6", 0 0, L_000001ab49737c90;  1 drivers
v000001ab496e9a60_0 .net *"_ivl_8", 0 0, L_000001ab4973a2a0;  1 drivers
v000001ab496ea000_0 .net "a", 0 0, L_000001ab496ed1b0;  1 drivers
v000001ab496ea140_0 .net "b", 0 0, L_000001ab496ed250;  1 drivers
v000001ab496ea3c0_0 .net "cin", 0 0, L_000001ab497379f0;  alias, 1 drivers
v000001ab496ec3f0_0 .net "cout", 0 0, L_000001ab4973a460;  alias, 1 drivers
v000001ab496ecc10_0 .net "sum", 0 0, L_000001ab497378a0;  1 drivers
S_000001ab496edd70 .scope module, "f7" "full_adder" 2 17, 3 1 0, S_000001ab49685a50;
 .timescale 0 0;
    .port_info 0 /INPUT 1 "a";
    .port_info 1 /INPUT 1 "b";
    .port_info 2 /OUTPUT 1 "sum";
    .port_info 3 /INPUT 1 "cin";
    .port_info 4 /OUTPUT 1 "cout";
L_000001ab4973a380 .functor XOR 1, L_000001ab496ed2f0, L_000001ab496ed390, C4<0>, C4<0>;
L_000001ab4973a770 .functor XOR 1, L_000001ab4973a380, L_000001ab4973a460, C4<0>, C4<0>;
L_000001ab49739f90 .functor AND 1, L_000001ab496ed2f0, L_000001ab496ed390, C4<1>, C4<1>;
L_000001ab4973ab60 .functor AND 1, L_000001ab496ed390, L_000001ab4973a460, C4<1>, C4<1>;
L_000001ab4973a310 .functor OR 1, L_000001ab49739f90, L_000001ab4973ab60, C4<0>, C4<0>;
L_000001ab4973a8c0 .functor AND 1, L_000001ab4973a460, L_000001ab496ed2f0, C4<1>, C4<1>;
L_000001ab4973ae00 .functor OR 1, L_000001ab4973a310, L_000001ab4973a8c0, C4<0>, C4<0>;
v000001ab496ec490_0 .net *"_ivl_0", 0 0, L_000001ab4973a380;  1 drivers
v000001ab496ece90_0 .net *"_ivl_10", 0 0, L_000001ab4973a8c0;  1 drivers
v000001ab496ec710_0 .net *"_ivl_4", 0 0, L_000001ab49739f90;  1 drivers
v000001ab496ec210_0 .net *"_ivl_6", 0 0, L_000001ab4973ab60;  1 drivers
v000001ab496eccb0_0 .net *"_ivl_8", 0 0, L_000001ab4973a310;  1 drivers
v000001ab496ed930_0 .net "a", 0 0, L_000001ab496ed2f0;  1 drivers
v000001ab496ecd50_0 .net "b", 0 0, L_000001ab496ed390;  1 drivers
v000001ab496ec2b0_0 .net "cin", 0 0, L_000001ab4973a460;  alias, 1 drivers
v000001ab496ecad0_0 .net "cout", 0 0, L_000001ab4973ae00;  1 drivers
v000001ab496ed750_0 .net "sum", 0 0, L_000001ab4973a770;  1 drivers
# The file index is used to find the file name in the following table.
:file_names 4;
    "N/A";
    "<interactive>";
    "ripple_carry_adder.v";
    "./full_adder.v";
