#! /c/Source/iverilog-install/bin/vvp
:ivl_version "12.0 (devel)" "(s20150603-1539-g2693dd32b)";
:ivl_delay_selection "TYPICAL";
:vpi_time_precision + 0;
:vpi_module "C:\iverilog\lib\ivl\system.vpi";
:vpi_module "C:\iverilog\lib\ivl\vhdl_sys.vpi";
:vpi_module "C:\iverilog\lib\ivl\vhdl_textio.vpi";
:vpi_module "C:\iverilog\lib\ivl\v2005_math.vpi";
:vpi_module "C:\iverilog\lib\ivl\va_math.vpi";
S_00000250e102a4c0 .scope module, "draft_1" "draft_1" 2 3;
 .timescale 0 0;
    .port_info 0 /INPUT 8 "a";
    .port_info 1 /INPUT 8 "b";
    .port_info 2 /OUTPUT 9 "sum";
L_00000250e1033790 .functor AND 1, L_00000250e1091af0, L_00000250e1090d30, C4<1>, C4<1>;
L_00000250e1033090 .functor AND 1, L_00000250e1091370, L_00000250e10910f0, C4<1>, C4<1>;
L_00000250e1033250 .functor XOR 1, L_00000250e1090dd0, L_00000250e1092770, C4<0>, C4<0>;
L_00000250e1033800 .functor AND 1, L_00000250e1033090, L_00000250e1033250, C4<1>, C4<1>;
L_00000250e10336b0 .functor OR 1, L_00000250e1033790, L_00000250e1033800, C4<0>, C4<0>;
L_00000250e1033e90 .functor OR 1, L_00000250e1092090, L_00000250e1091cd0, C4<0>, C4<0>;
L_00000250e1033b80 .functor OR 1, L_00000250e1091eb0, L_00000250e1090a10, C4<0>, C4<0>;
L_00000250e1033f00 .functor OR 1, L_00000250e10915f0, L_00000250e1092130, C4<0>, C4<0>;
L_00000250e1033aa0 .functor XOR 1, L_00000250e1091410, L_00000250e1091d70, C4<0>, C4<0>;
v00000250e108f600_0 .net "G_2", 0 0, L_00000250e1033090;  1 drivers
v00000250e108f4c0_0 .net "G_3", 0 0, L_00000250e1033790;  1 drivers
v00000250e108fec0_0 .net "P_3", 0 0, L_00000250e1033250;  1 drivers
v00000250e108f560_0 .net *"_ivl_1", 0 0, L_00000250e1091af0;  1 drivers
v00000250e108f740_0 .net *"_ivl_13", 0 0, L_00000250e1090dd0;  1 drivers
v00000250e108e7a0_0 .net *"_ivl_15", 0 0, L_00000250e1092770;  1 drivers
v00000250e108f7e0_0 .net *"_ivl_18", 0 0, L_00000250e1033800;  1 drivers
v00000250e108fc40_0 .net *"_ivl_25", 0 0, L_00000250e1092090;  1 drivers
v00000250e108fce0_0 .net *"_ivl_27", 0 0, L_00000250e1091cd0;  1 drivers
v00000250e108e520_0 .net *"_ivl_28", 0 0, L_00000250e1033e90;  1 drivers
v00000250e108ed40_0 .net *"_ivl_3", 0 0, L_00000250e1090d30;  1 drivers
v00000250e108fd80_0 .net *"_ivl_33", 0 0, L_00000250e1091eb0;  1 drivers
v00000250e108eca0_0 .net *"_ivl_35", 0 0, L_00000250e1090a10;  1 drivers
v00000250e108ef20_0 .net *"_ivl_36", 0 0, L_00000250e1033b80;  1 drivers
v00000250e108ede0_0 .net *"_ivl_41", 0 0, L_00000250e10915f0;  1 drivers
v00000250e108f920_0 .net *"_ivl_43", 0 0, L_00000250e1092130;  1 drivers
v00000250e108f9c0_0 .net *"_ivl_44", 0 0, L_00000250e1033f00;  1 drivers
v00000250e108ee80_0 .net *"_ivl_49", 0 0, L_00000250e1091410;  1 drivers
v00000250e108fe20_0 .net *"_ivl_51", 0 0, L_00000250e1091d70;  1 drivers
v00000250e1090000_0 .net *"_ivl_52", 0 0, L_00000250e1033aa0;  1 drivers
v00000250e10900a0_0 .net *"_ivl_7", 0 0, L_00000250e1091370;  1 drivers
v00000250e1090140_0 .net *"_ivl_9", 0 0, L_00000250e10910f0;  1 drivers
o00000250e1038658 .functor BUFZ 8, C4<zzzzzzzz>; HiZ drive
v00000250e1091f50_0 .net "a", 7 0, o00000250e1038658;  0 drivers
o00000250e1038688 .functor BUFZ 8, C4<zzzzzzzz>; HiZ drive
v00000250e1091870_0 .net "b", 7 0, o00000250e1038688;  0 drivers
v00000250e1091ff0_0 .net "cmsp", 0 0, L_00000250e10336b0;  1 drivers
v00000250e1092630_0 .net "sum", 8 0, L_00000250e1091730;  1 drivers
L_00000250e1091af0 .part o00000250e1038658, 3, 1;
L_00000250e1090d30 .part o00000250e1038688, 3, 1;
L_00000250e1091370 .part o00000250e1038658, 2, 1;
L_00000250e10910f0 .part o00000250e1038688, 2, 1;
L_00000250e1090dd0 .part o00000250e1038658, 3, 1;
L_00000250e1092770 .part o00000250e1038688, 3, 1;
L_00000250e1092090 .part o00000250e1038658, 0, 1;
L_00000250e1091cd0 .part o00000250e1038688, 0, 1;
L_00000250e1091eb0 .part o00000250e1038658, 1, 1;
L_00000250e1090a10 .part o00000250e1038688, 1, 1;
L_00000250e10915f0 .part o00000250e1038658, 2, 1;
L_00000250e1092130 .part o00000250e1038688, 2, 1;
L_00000250e1091410 .part o00000250e1038658, 3, 1;
L_00000250e1091d70 .part o00000250e1038688, 3, 1;
L_00000250e1092590 .part o00000250e1038658, 4, 4;
L_00000250e10908d0 .part o00000250e1038688, 4, 4;
LS_00000250e1091730_0_0 .concat8 [ 1 1 1 1], L_00000250e1033e90, L_00000250e1033b80, L_00000250e1033f00, L_00000250e1033aa0;
LS_00000250e1091730_0_4 .concat8 [ 4 1 0 0], L_00000250e10962d0, L_00000250e10924f0;
L_00000250e1091730 .concat8 [ 4 5 0 0], LS_00000250e1091730_0_0, LS_00000250e1091730_0_4;
S_00000250e102a650 .scope module, "b1" "brent_kung_adder_4bit" 2 29, 3 1 0, S_00000250e102a4c0;
 .timescale 0 0;
    .port_info 0 /INPUT 4 "a";
    .port_info 1 /INPUT 4 "b";
    .port_info 2 /INPUT 1 "cin";
    .port_info 3 /OUTPUT 4 "sum";
    .port_info 4 /OUTPUT 1 "carry_out";
L_00000250e1033cd0 .functor XOR 4, L_00000250e1092590, L_00000250e10908d0, C4<0000>, C4<0000>;
L_00000250e1033020 .functor AND 4, L_00000250e1092590, L_00000250e10908d0, C4<1111>, C4<1111>;
L_00000250e1033d40 .functor AND 1, L_00000250e1090b50, L_00000250e1091b90, C4<1>, C4<1>;
L_00000250e1033b10 .functor OR 1, L_00000250e10912d0, L_00000250e1033d40, C4<0>, C4<0>;
L_00000250e1033170 .functor AND 1, L_00000250e10917d0, L_00000250e1091190, C4<1>, C4<1>;
L_00000250e1033720 .functor AND 1, L_00000250e1091230, L_00000250e1091c30, C4<1>, C4<1>;
L_00000250e1033100 .functor OR 1, L_00000250e1090e70, L_00000250e1033720, C4<0>, C4<0>;
L_00000250e10338e0 .functor AND 1, L_00000250e10926d0, L_00000250e10914b0, C4<1>, C4<1>;
L_00000250e10333a0 .functor AND 1, L_00000250e10921d0, L_00000250e1033b10, C4<1>, C4<1>;
L_00000250e10339c0 .functor OR 1, L_00000250e1091550, L_00000250e10333a0, C4<0>, C4<0>;
L_00000250e10332c0 .functor AND 1, L_00000250e1092270, L_00000250e1033170, C4<1>, C4<1>;
L_00000250e1033db0 .functor AND 1, L_00000250e10338e0, L_00000250e10339c0, C4<1>, C4<1>;
L_00000250e1033480 .functor OR 1, L_00000250e1033100, L_00000250e1033db0, C4<0>, C4<0>;
L_00000250e1033e20 .functor AND 1, L_00000250e10338e0, L_00000250e10332c0, C4<1>, C4<1>;
L_00000250e1033330 .functor BUFZ 1, L_00000250e10336b0, C4<0>, C4<0>, C4<0>;
L_00000250e1033410 .functor AND 1, L_00000250e1090fb0, L_00000250e1091e10, C4<1>, C4<1>;
L_00000250e10334f0 .functor OR 1, L_00000250e1092310, L_00000250e1033410, C4<0>, C4<0>;
L_00000250e1033870 .functor AND 1, L_00000250e1033170, L_00000250e1091050, C4<1>, C4<1>;
L_00000250e1033a30 .functor OR 1, L_00000250e1033b10, L_00000250e1033870, C4<0>, C4<0>;
L_00000250e10966c0 .functor AND 1, L_00000250e10332c0, L_00000250e1091690, C4<1>, C4<1>;
L_00000250e1096030 .functor OR 1, L_00000250e10339c0, L_00000250e10966c0, C4<0>, C4<0>;
L_00000250e10967a0 .functor AND 1, L_00000250e1033e20, L_00000250e10919b0, C4<1>, C4<1>;
L_00000250e1095a10 .functor OR 1, L_00000250e1033480, L_00000250e10967a0, C4<0>, C4<0>;
L_00000250e10962d0 .functor XOR 4, L_00000250e1033cd0, L_00000250e1092450, C4<0000>, C4<0000>;
v00000250e10232b0_0 .net *"_ivl_10", 0 0, L_00000250e1033d40;  1 drivers
v00000250e10237b0_0 .net *"_ivl_15", 0 0, L_00000250e10917d0;  1 drivers
v00000250e10238f0_0 .net *"_ivl_17", 0 0, L_00000250e1091190;  1 drivers
v00000250e1022ef0_0 .net *"_ivl_21", 0 0, L_00000250e1090e70;  1 drivers
v00000250e10230d0_0 .net *"_ivl_23", 0 0, L_00000250e1091230;  1 drivers
v00000250e1023fd0_0 .net *"_ivl_25", 0 0, L_00000250e1091c30;  1 drivers
v00000250e1022c70_0 .net *"_ivl_26", 0 0, L_00000250e1033720;  1 drivers
v00000250e1023c10_0 .net *"_ivl_31", 0 0, L_00000250e10926d0;  1 drivers
v00000250e1023d50_0 .net *"_ivl_33", 0 0, L_00000250e10914b0;  1 drivers
v00000250e1024070_0 .net *"_ivl_37", 0 0, L_00000250e1091550;  1 drivers
v00000250e10241b0_0 .net *"_ivl_39", 0 0, L_00000250e10921d0;  1 drivers
v00000250e1024250_0 .net *"_ivl_40", 0 0, L_00000250e10333a0;  1 drivers
v00000250e10242f0_0 .net *"_ivl_45", 0 0, L_00000250e1092270;  1 drivers
v00000250e1024390_0 .net *"_ivl_48", 0 0, L_00000250e1033db0;  1 drivers
v00000250e1024430_0 .net *"_ivl_5", 0 0, L_00000250e10912d0;  1 drivers
v00000250e1024570_0 .net *"_ivl_57", 0 0, L_00000250e1033330;  1 drivers
v00000250e1024610_0 .net *"_ivl_61", 0 0, L_00000250e1092310;  1 drivers
v00000250e10246b0_0 .net *"_ivl_63", 0 0, L_00000250e1090fb0;  1 drivers
v00000250e1024890_0 .net *"_ivl_65", 0 0, L_00000250e1091e10;  1 drivers
v00000250e101aa10_0 .net *"_ivl_66", 0 0, L_00000250e1033410;  1 drivers
v00000250e101abf0_0 .net *"_ivl_68", 0 0, L_00000250e10334f0;  1 drivers
v00000250e108f240_0 .net *"_ivl_7", 0 0, L_00000250e1090b50;  1 drivers
v00000250e108f1a0_0 .net *"_ivl_73", 0 0, L_00000250e1091050;  1 drivers
v00000250e108f100_0 .net *"_ivl_74", 0 0, L_00000250e1033870;  1 drivers
v00000250e108e840_0 .net *"_ivl_76", 0 0, L_00000250e1033a30;  1 drivers
v00000250e108fa60_0 .net *"_ivl_81", 0 0, L_00000250e1091690;  1 drivers
v00000250e108ff60_0 .net *"_ivl_82", 0 0, L_00000250e10966c0;  1 drivers
v00000250e108e5c0_0 .net *"_ivl_84", 0 0, L_00000250e1096030;  1 drivers
v00000250e108e980_0 .net *"_ivl_9", 0 0, L_00000250e1091b90;  1 drivers
v00000250e108eb60_0 .net *"_ivl_90", 0 0, L_00000250e10919b0;  1 drivers
v00000250e108e660_0 .net *"_ivl_91", 0 0, L_00000250e10967a0;  1 drivers
v00000250e108f380_0 .net *"_ivl_93", 0 0, L_00000250e1095a10;  1 drivers
v00000250e108e8e0_0 .net *"_ivl_96", 3 0, L_00000250e1092450;  1 drivers
v00000250e108ea20_0 .net "a", 3 0, L_00000250e1092590;  1 drivers
v00000250e108fb00_0 .net "b", 3 0, L_00000250e10908d0;  1 drivers
v00000250e108e700_0 .net "carry", 4 0, L_00000250e10923b0;  1 drivers
v00000250e108e340_0 .net "carry_out", 0 0, L_00000250e10924f0;  1 drivers
v00000250e108f060_0 .net "cin", 0 0, L_00000250e10336b0;  alias, 1 drivers
v00000250e108eac0_0 .net "g", 3 0, L_00000250e1033020;  1 drivers
v00000250e108efc0_0 .net "g1_0", 0 0, L_00000250e1033b10;  1 drivers
v00000250e108f2e0_0 .net "g2_0", 0 0, L_00000250e10339c0;  1 drivers
v00000250e108e3e0_0 .net "g3_0", 0 0, L_00000250e1033480;  1 drivers
v00000250e108f880_0 .net "g3_2", 0 0, L_00000250e1033100;  1 drivers
v00000250e108f6a0_0 .net "p", 3 0, L_00000250e1033cd0;  1 drivers
v00000250e108ec00_0 .net "p1_0", 0 0, L_00000250e1033170;  1 drivers
v00000250e108f420_0 .net "p2_0", 0 0, L_00000250e10332c0;  1 drivers
v00000250e108e2a0_0 .net "p3_0", 0 0, L_00000250e1033e20;  1 drivers
v00000250e108e480_0 .net "p3_2", 0 0, L_00000250e10338e0;  1 drivers
v00000250e108fba0_0 .net "sum", 3 0, L_00000250e10962d0;  1 drivers
L_00000250e10912d0 .part L_00000250e1033020, 1, 1;
L_00000250e1090b50 .part L_00000250e1033cd0, 1, 1;
L_00000250e1091b90 .part L_00000250e1033020, 0, 1;
L_00000250e10917d0 .part L_00000250e1033cd0, 1, 1;
L_00000250e1091190 .part L_00000250e1033cd0, 0, 1;
L_00000250e1090e70 .part L_00000250e1033020, 3, 1;
L_00000250e1091230 .part L_00000250e1033cd0, 3, 1;
L_00000250e1091c30 .part L_00000250e1033020, 2, 1;
L_00000250e10926d0 .part L_00000250e1033cd0, 3, 1;
L_00000250e10914b0 .part L_00000250e1033cd0, 2, 1;
L_00000250e1091550 .part L_00000250e1033020, 2, 1;
L_00000250e10921d0 .part L_00000250e1033cd0, 2, 1;
L_00000250e1092270 .part L_00000250e1033cd0, 2, 1;
L_00000250e1092310 .part L_00000250e1033020, 0, 1;
L_00000250e1090fb0 .part L_00000250e1033cd0, 0, 1;
L_00000250e1091e10 .part L_00000250e10923b0, 0, 1;
L_00000250e1091050 .part L_00000250e10923b0, 0, 1;
L_00000250e1091690 .part L_00000250e10923b0, 0, 1;
LS_00000250e10923b0_0_0 .concat8 [ 1 1 1 1], L_00000250e1033330, L_00000250e10334f0, L_00000250e1033a30, L_00000250e1096030;
LS_00000250e10923b0_0_4 .concat8 [ 1 0 0 0], L_00000250e1095a10;
L_00000250e10923b0 .concat8 [ 4 1 0 0], LS_00000250e10923b0_0_0, LS_00000250e10923b0_0_4;
L_00000250e10919b0 .part L_00000250e10923b0, 0, 1;
L_00000250e1092450 .part L_00000250e10923b0, 0, 4;
L_00000250e10924f0 .part L_00000250e10923b0, 4, 1;
# The file index is used to find the file name in the following table.
:file_names 4;
    "N/A";
    "<interactive>";
    "draft_1.v";
    "./brent_kung_adder.v";
