#! /c/Source/iverilog-install/bin/vvp
:ivl_version "12.0 (devel)" "(s20150603-1539-g2693dd32b)";
:ivl_delay_selection "TYPICAL";
:vpi_time_precision + 0;
:vpi_module "C:\iverilog\lib\ivl\system.vpi";
:vpi_module "C:\iverilog\lib\ivl\vhdl_sys.vpi";
:vpi_module "C:\iverilog\lib\ivl\vhdl_textio.vpi";
:vpi_module "C:\iverilog\lib\ivl\v2005_math.vpi";
:vpi_module "C:\iverilog\lib\ivl\va_math.vpi";
S_000002709eefbcb0 .scope module, "gear_adder_8bit" "gear_adder_8bit" 2 5;
 .timescale 0 0;
    .port_info 0 /INPUT 8 "a";
    .port_info 1 /INPUT 8 "b";
    .port_info 2 /OUTPUT 9 "sum";
L_000002709eef90b0 .functor XOR 4, L_000002709efcc950, L_000002709efcc4f0, C4<0000>, C4<0000>;
v000002709ef534b0_0 .net *"_ivl_1", 3 0, L_000002709efcc950;  1 drivers
L_000002709efccab8 .functor BUFT 1, C4<0>, C4<0>, C4<0>, C4<0>;
v000002709ef530e0_0 .net *"_ivl_11", 0 0, L_000002709efccab8;  1 drivers
v000002709ef536f0_0 .net *"_ivl_13", 3 0, L_000002709efcbf50;  1 drivers
v000002709eef8e70_0 .net *"_ivl_14", 4 0, L_000002709efcc090;  1 drivers
L_000002709efccb00 .functor BUFT 1, C4<0>, C4<0>, C4<0>, C4<0>;
v000002709efcb820_0 .net *"_ivl_17", 0 0, L_000002709efccb00;  1 drivers
v000002709efcb8c0_0 .net *"_ivl_3", 3 0, L_000002709efcc4f0;  1 drivers
v000002709efcb960_0 .net *"_ivl_7", 3 0, L_000002709efcc9f0;  1 drivers
v000002709efcba00_0 .net *"_ivl_8", 4 0, L_000002709efcbd70;  1 drivers
o000002709ef87138 .functor BUFZ 8, C4<zzzzzzzz>; HiZ drive
v000002709efcbc30_0 .net "a", 7 0, o000002709ef87138;  0 drivers
v000002709efcc1d0_0 .net "acc", 4 0, L_000002709efcbe10;  1 drivers
v000002709efcc590_0 .net "acc_sum", 3 0, L_000002709efcc130;  1 drivers
v000002709efcbcd0_0 .net "approx_sum", 3 0, L_000002709eef90b0;  1 drivers
o000002709ef871f8 .functor BUFZ 8, C4<zzzzzzzz>; HiZ drive
v000002709efcbb90_0 .net "b", 7 0, o000002709ef871f8;  0 drivers
v000002709efcc450_0 .net "carry_out", 0 0, L_000002709efcc630;  1 drivers
v000002709efcbeb0_0 .net "sum", 8 0, L_000002709efcbff0;  1 drivers
L_000002709efcc950 .part o000002709ef87138, 0, 4;
L_000002709efcc4f0 .part o000002709ef871f8, 0, 4;
L_000002709efcc9f0 .part o000002709ef87138, 4, 4;
L_000002709efcbd70 .concat [ 4 1 0 0], L_000002709efcc9f0, L_000002709efccab8;
L_000002709efcbf50 .part o000002709ef871f8, 4, 4;
L_000002709efcc090 .concat [ 4 1 0 0], L_000002709efcbf50, L_000002709efccb00;
L_000002709efcbe10 .arith/sum 5, L_000002709efcbd70, L_000002709efcc090;
L_000002709efcc130 .part L_000002709efcbe10, 0, 4;
L_000002709efcc630 .part L_000002709efcbe10, 4, 1;
L_000002709efcbff0 .concat [ 4 4 1 0], L_000002709eef90b0, L_000002709efcc130, L_000002709efcc630;
# The file index is used to find the file name in the following table.
:file_names 3;
    "N/A";
    "<interactive>";
    "gear.v";
