#! /c/Source/iverilog-install/bin/vvp
:ivl_version "12.0 (devel)" "(s20150603-1539-g2693dd32b)";
:ivl_delay_selection "TYPICAL";
:vpi_time_precision - 12;
:vpi_module "C:\iverilog\lib\ivl\system.vpi";
:vpi_module "C:\iverilog\lib\ivl\vhdl_sys.vpi";
:vpi_module "C:\iverilog\lib\ivl\vhdl_textio.vpi";
:vpi_module "C:\iverilog\lib\ivl\v2005_math.vpi";
:vpi_module "C:\iverilog\lib\ivl\va_math.vpi";
S_000001cc6ed7dd40 .scope module, "tb_oloca_8bit" "tb_oloca_8bit" 2 4;
 .timescale -9 -12;
v000001cc6f023e90_0 .var/real "AE", 0 0;
v000001cc6f0235d0_0 .var/real "MAE", 0 0;
v000001cc6f023f30_0 .var/real "MEP", 0 0;
v000001cc6f0238f0_0 .var/real "MSE", 0 0;
v000001cc6f023d50_0 .var/real "RMSE", 0 0;
v000001cc6f023df0_0 .var "a", 7 0;
v000001cc6f023b70_0 .var/i "abs_error", 31 0;
v000001cc6f023850_0 .var/real "abs_error_sum", 0 0;
v000001cc6f023350_0 .net "approx_sum", 8 0, L_000001cc6f025c60;  1 drivers
v000001cc6f0237b0_0 .var "b", 7 0;
v000001cc6f023cb0_0 .var/i "error_count", 31 0;
v000001cc6f0233f0_0 .var/real "error_sum", 0 0;
v000001cc6f023490_0 .var/i "error_val", 31 0;
v000001cc6f023710_0 .var "exact_sum", 8 0;
v000001cc6f023670_0 .var/i "i", 31 0;
v000001cc6f023530_0 .var/i "j", 31 0;
v000001cc6f023990_0 .var/real "sq_error_sum", 0 0;
v000001cc6f025120_0 .var/i "total_cases", 31 0;
S_000001cc6ef92d20 .scope module, "uut" "oloca_8bit" 2 11, 3 1 0, S_000001cc6ed7dd40;
 .timescale -9 -12;
    .port_info 0 /INPUT 8 "a";
    .port_info 1 /INPUT 8 "b";
    .port_info 2 /OUTPUT 9 "sum";
P_000001cc6efbd940 .param/l "APPROX_BITS" 0 3 1, +C4<00000000000000000000000000000100>;
L_000001cc6efb7470 .functor OR 4, L_000001cc6f0251c0, L_000001cc6f024ae0, C4<0000>, C4<0000>;
L_000001cc6f0260f0 .functor BUFT 1, C4<0>, C4<0>, C4<0>, C4<0>;
v000001cc6efb8450_0 .net/2u *"_ivl_12", 0 0, L_000001cc6f0260f0;  1 drivers
v000001cc6ed7ded0_0 .net *"_ivl_14", 4 0, L_000001cc6f024c20;  1 drivers
L_000001cc6f026138 .functor BUFT 1, C4<0>, C4<0>, C4<0>, C4<0>;
v000001cc6ed7df70_0 .net/2u *"_ivl_16", 0 0, L_000001cc6f026138;  1 drivers
v000001cc6efbf550_0 .net *"_ivl_18", 4 0, L_000001cc6f024720;  1 drivers
v000001cc6efbf5f0_0 .net *"_ivl_20", 4 0, L_000001cc6f025260;  1 drivers
L_000001cc6f026180 .functor BUFT 1, C4<00000>, C4<0>, C4<0>, C4<0>;
v000001cc6ef92eb0_0 .net *"_ivl_22", 4 0, L_000001cc6f026180;  1 drivers
v000001cc6ef92f50_0 .net "a", 7 0, v000001cc6f023df0_0;  1 drivers
v000001cc6ef92ff0_0 .net "a_high", 3 0, L_000001cc6f025ee0;  1 drivers
v000001cc6f023c10_0 .net "a_low", 3 0, L_000001cc6f0251c0;  1 drivers
v000001cc6f0230d0_0 .net "accurate_sum", 4 0, L_000001cc6f024900;  1 drivers
v000001cc6f023170_0 .net "approx_sum", 3 0, L_000001cc6efb7470;  1 drivers
v000001cc6f023fd0_0 .net "b", 7 0, v000001cc6f0237b0_0;  1 drivers
v000001cc6f023ad0_0 .net "b_high", 3 0, L_000001cc6f024b80;  1 drivers
v000001cc6f023210_0 .net "b_low", 3 0, L_000001cc6f024ae0;  1 drivers
L_000001cc6f0260a8 .functor BUFT 1, C4<0>, C4<0>, C4<0>, C4<0>;
v000001cc6f023a30_0 .net "const_carry", 0 0, L_000001cc6f0260a8;  1 drivers
v000001cc6f0232b0_0 .net "sum", 8 0, L_000001cc6f025c60;  alias, 1 drivers
L_000001cc6f0251c0 .part v000001cc6f023df0_0, 0, 4;
L_000001cc6f024ae0 .part v000001cc6f0237b0_0, 0, 4;
L_000001cc6f025ee0 .part v000001cc6f023df0_0, 4, 4;
L_000001cc6f024b80 .part v000001cc6f0237b0_0, 4, 4;
L_000001cc6f024c20 .concat [ 4 1 0 0], L_000001cc6f025ee0, L_000001cc6f0260f0;
L_000001cc6f024720 .concat [ 4 1 0 0], L_000001cc6f024b80, L_000001cc6f026138;
L_000001cc6f025260 .arith/sum 5, L_000001cc6f024c20, L_000001cc6f024720;
L_000001cc6f024900 .arith/sum 5, L_000001cc6f025260, L_000001cc6f026180;
L_000001cc6f025c60 .concat [ 4 5 0 0], L_000001cc6efb7470, L_000001cc6f024900;
    .scope S_000001cc6ed7dd40;
T_0 ;
    %pushi/vec4 0, 0, 32;
    %store/vec4 v000001cc6f023cb0_0, 0, 32;
    %pushi/real 0, 4065; load=0.00000
    %store/real v000001cc6f0233f0_0;
    %pushi/real 0, 4065; load=0.00000
    %store/real v000001cc6f023850_0;
    %pushi/real 0, 4065; load=0.00000
    %store/real v000001cc6f023990_0;
    %pushi/vec4 0, 0, 32;
    %store/vec4 v000001cc6f025120_0, 0, 32;
    %pushi/vec4 0, 0, 32;
    %store/vec4 v000001cc6f023670_0, 0, 32;
T_0.0 ;
    %load/vec4 v000001cc6f023670_0;
    %cmpi/s 256, 0, 32;
    %jmp/0xz T_0.1, 5;
    %pushi/vec4 0, 0, 32;
    %store/vec4 v000001cc6f023530_0, 0, 32;
T_0.2 ;
    %load/vec4 v000001cc6f023530_0;
    %cmpi/s 256, 0, 32;
    %jmp/0xz T_0.3, 5;
    %load/vec4 v000001cc6f023670_0;
    %pad/s 8;
    %store/vec4 v000001cc6f023df0_0, 0, 8;
    %load/vec4 v000001cc6f023530_0;
    %pad/s 8;
    %store/vec4 v000001cc6f0237b0_0, 0, 8;
    %delay 1000, 0;
    %load/vec4 v000001cc6f023df0_0;
    %pad/u 9;
    %load/vec4 v000001cc6f0237b0_0;
    %pad/u 9;
    %add;
    %store/vec4 v000001cc6f023710_0, 0, 9;
    %load/vec4 v000001cc6f023350_0;
    %pad/u 32;
    %load/vec4 v000001cc6f023710_0;
    %pad/u 32;
    %sub;
    %store/vec4 v000001cc6f023490_0, 0, 32;
    %load/vec4 v000001cc6f023490_0;
    %cmpi/s 0, 0, 32;
    %flag_mov 8, 5;
    %jmp/0 T_0.4, 8;
    %load/vec4 v000001cc6f023490_0;
    %inv;
    %pushi/vec4 1, 0, 32;
    %add;
    %jmp/1 T_0.5, 8;
T_0.4 ; End of true expr.
    %load/vec4 v000001cc6f023490_0;
    %jmp/0 T_0.5, 8;
 ; End of false expr.
    %blend;
T_0.5;
    %store/vec4 v000001cc6f023b70_0, 0, 32;
    %load/vec4 v000001cc6f023490_0;
    %cmpi/ne 0, 0, 32;
    %jmp/0xz  T_0.6, 4;
    ; show_stmt_assign_vector: Get l-value for compressed += operand
    %load/vec4 v000001cc6f023cb0_0;
    %pushi/vec4 1, 0, 32;
    %add;
    %store/vec4 v000001cc6f023cb0_0, 0, 32;
T_0.6 ;
    %load/real v000001cc6f0233f0_0;
    %load/vec4 v000001cc6f023490_0;
    %cvt/rv/s;
    %add/wr;
    %store/real v000001cc6f0233f0_0;
    %load/real v000001cc6f023850_0;
    %load/vec4 v000001cc6f023b70_0;
    %cvt/rv/s;
    %add/wr;
    %store/real v000001cc6f023850_0;
    %load/real v000001cc6f023990_0;
    %load/vec4 v000001cc6f023490_0;
    %load/vec4 v000001cc6f023490_0;
    %mul;
    %cvt/rv/s;
    %add/wr;
    %store/real v000001cc6f023990_0;
    ; show_stmt_assign_vector: Get l-value for compressed += operand
    %load/vec4 v000001cc6f025120_0;
    %pushi/vec4 1, 0, 32;
    %add;
    %store/vec4 v000001cc6f025120_0, 0, 32;
    %load/vec4 v000001cc6f023530_0;
    %addi 1, 0, 32;
    %store/vec4 v000001cc6f023530_0, 0, 32;
    %jmp T_0.2;
T_0.3 ;
    %load/vec4 v000001cc6f023670_0;
    %addi 1, 0, 32;
    %store/vec4 v000001cc6f023670_0, 0, 32;
    %jmp T_0.0;
T_0.1 ;
    %load/real v000001cc6f0233f0_0;
    %load/vec4 v000001cc6f025120_0;
    %cvt/rv/s;
    %div/wr;
    %store/real v000001cc6f023e90_0;
    %load/real v000001cc6f023850_0;
    %load/vec4 v000001cc6f025120_0;
    %cvt/rv/s;
    %div/wr;
    %store/real v000001cc6f0235d0_0;
    %load/real v000001cc6f023990_0;
    %load/vec4 v000001cc6f025120_0;
    %cvt/rv/s;
    %div/wr;
    %store/real v000001cc6f0238f0_0;
    %vpi_func/r 2 58 "$sqrt", v000001cc6f0238f0_0 {0 0 0};
    %store/real v000001cc6f023d50_0;
    %load/real v000001cc6f0235d0_0;
    %pushi/real 2139095040, 4074; load=510.000
    %div/wr;
    %pushi/real 1677721600, 4072; load=100.000
    %mul/wr;
    %store/real v000001cc6f023f30_0;
    %vpi_call 2 61 "$display", "============================================" {0 0 0};
    %vpi_call 2 62 "$display", "OLOCA 8-bit Approximate Adder Error Metrics" {0 0 0};
    %vpi_call 2 63 "$display", "Approximate Bits       = %0d", P_000001cc6efbd940 {0 0 0};
    %vpi_call 2 64 "$display", "Total Cases             = %0d", v000001cc6f025120_0 {0 0 0};
    %load/vec4 v000001cc6f023cb0_0;
    %cvt/rv/s;
    %pushi/real 1677721600, 4072; load=100.000
    %mul/wr;
    %load/vec4 v000001cc6f025120_0;
    %cvt/rv/s;
    %div/wr;
    %vpi_call 2 65 "$display", "Error Rate (ER)         = %0.4f %%", W<0,r> {0 1 0};
    %vpi_call 2 66 "$display", "Average Error (AE)      = %0.4f", v000001cc6f023e90_0 {0 0 0};
    %vpi_call 2 67 "$display", "Mean Abs Error (MAE/MED)= %0.4f", v000001cc6f0235d0_0 {0 0 0};
    %vpi_call 2 68 "$display", "Mean Square Error (MSE) = %0.4f", v000001cc6f0238f0_0 {0 0 0};
    %vpi_call 2 69 "$display", "Root MSE (RMSE)         = %0.4f", v000001cc6f023d50_0 {0 0 0};
    %vpi_call 2 70 "$display", "Mean Error Percentage   = %0.4f %%", v000001cc6f023f30_0 {0 0 0};
    %vpi_call 2 71 "$display", "============================================" {0 0 0};
    %vpi_call 2 73 "$finish" {0 0 0};
    %end;
    .thread T_0;
# The file index is used to find the file name in the following table.
:file_names 4;
    "N/A";
    "<interactive>";
    "oloca_tb.v";
    "./oloca.v";
