#! /c/Source/iverilog-install/bin/vvp
:ivl_version "12.0 (devel)" "(s20150603-1539-g2693dd32b)";
:ivl_delay_selection "TYPICAL";
:vpi_time_precision - 12;
:vpi_module "C:\iverilog\lib\ivl\system.vpi";
:vpi_module "C:\iverilog\lib\ivl\vhdl_sys.vpi";
:vpi_module "C:\iverilog\lib\ivl\vhdl_textio.vpi";
:vpi_module "C:\iverilog\lib\ivl\v2005_math.vpi";
:vpi_module "C:\iverilog\lib\ivl\va_math.vpi";
S_0000019d9cf767f0 .scope module, "tb_hoaaned_8bit" "tb_hoaaned_8bit" 2 4;
 .timescale -9 -12;
v0000019d9cfd05d0_0 .var/real "AE", 0 0;
v0000019d9cfd0b70_0 .var/real "MAE", 0 0;
v0000019d9cfd0850_0 .var/real "MEP", 0 0;
v0000019d9cfd0c10_0 .var/real "MSE", 0 0;
v0000019d9cfd0fd0_0 .var/real "RMSE", 0 0;
v0000019d9cfd07b0_0 .var "a", 7 0;
v0000019d9cfd0350_0 .var/i "abs_error", 31 0;
v0000019d9cfd0670_0 .var/real "abs_error_sum", 0 0;
v0000019d9cfd00d0_0 .net "approx_sum", 8 0, L_0000019d9d01a8b0;  1 drivers
v0000019d9cfd0a30_0 .var "b", 7 0;
v0000019d9cfd0210_0 .var/i "error_count", 31 0;
v0000019d9cfd0cb0_0 .var/real "error_sum", 0 0;
v0000019d9cfd0170_0 .var/i "error_val", 31 0;
v0000019d9cfd02b0_0 .var "exact_sum", 8 0;
v0000019d9cfd03f0_0 .var/i "i", 31 0;
v0000019d9cfd0530_0 .var/i "j", 31 0;
v0000019d9cfd0d50_0 .var/real "sq_error_sum", 0 0;
v0000019d9cfd08f0_0 .var/i "total_cases", 31 0;
S_0000019d9cf76980 .scope module, "uut" "hoaaned_8bit" 2 11, 3 2 0, S_0000019d9cf767f0;
 .timescale -9 -12;
    .port_info 0 /INPUT 8 "a";
    .port_info 1 /INPUT 8 "b";
    .port_info 2 /OUTPUT 9 "sum";
L_0000019d9cf7dca0 .functor OR 4, L_0000019d9cfd0490, L_0000019d9cfd0990, C4<0000>, C4<0000>;
v0000019d9cf43510_0 .net *"_ivl_1", 3 0, L_0000019d9cfd0490;  1 drivers
L_0000019d9cfd1098 .functor BUFT 1, C4<0>, C4<0>, C4<0>, C4<0>;
v0000019d9cf43750_0 .net *"_ivl_11", 0 0, L_0000019d9cfd1098;  1 drivers
v0000019d9ceebdb0_0 .net *"_ivl_13", 3 0, L_0000019d9d01a270;  1 drivers
v0000019d9cf43120_0 .net *"_ivl_14", 4 0, L_0000019d9d0195f0;  1 drivers
L_0000019d9cfd10e0 .functor BUFT 1, C4<0>, C4<0>, C4<0>, C4<0>;
v0000019d9cf76b10_0 .net *"_ivl_17", 0 0, L_0000019d9cfd10e0;  1 drivers
v0000019d9cf76bb0_0 .net *"_ivl_3", 3 0, L_0000019d9cfd0990;  1 drivers
v0000019d9cf6d480_0 .net *"_ivl_7", 3 0, L_0000019d9cfd0ad0;  1 drivers
v0000019d9cf6d520_0 .net *"_ivl_8", 4 0, L_0000019d9cfd0df0;  1 drivers
v0000019d9cf6d5c0_0 .net "a", 7 0, v0000019d9cfd07b0_0;  1 drivers
v0000019d9cf6d660_0 .net "accurate_sum", 4 0, L_0000019d9d01a810;  1 drivers
v0000019d9cfd0710_0 .net "approx_sum", 3 0, L_0000019d9cf7dca0;  1 drivers
v0000019d9cfd0e90_0 .net "b", 7 0, v0000019d9cfd0a30_0;  1 drivers
v0000019d9cfd0f30_0 .net "sum", 8 0, L_0000019d9d01a8b0;  alias, 1 drivers
L_0000019d9cfd0490 .part v0000019d9cfd07b0_0, 0, 4;
L_0000019d9cfd0990 .part v0000019d9cfd0a30_0, 0, 4;
L_0000019d9cfd0ad0 .part v0000019d9cfd07b0_0, 4, 4;
L_0000019d9cfd0df0 .concat [ 4 1 0 0], L_0000019d9cfd0ad0, L_0000019d9cfd1098;
L_0000019d9d01a270 .part v0000019d9cfd0a30_0, 4, 4;
L_0000019d9d0195f0 .concat [ 4 1 0 0], L_0000019d9d01a270, L_0000019d9cfd10e0;
L_0000019d9d01a810 .arith/sum 5, L_0000019d9cfd0df0, L_0000019d9d0195f0;
L_0000019d9d01a8b0 .concat [ 4 5 0 0], L_0000019d9cf7dca0, L_0000019d9d01a810;
    .scope S_0000019d9cf767f0;
T_0 ;
    %pushi/vec4 0, 0, 32;
    %store/vec4 v0000019d9cfd0210_0, 0, 32;
    %pushi/real 0, 4065; load=0.00000
    %store/real v0000019d9cfd0cb0_0;
    %pushi/real 0, 4065; load=0.00000
    %store/real v0000019d9cfd0670_0;
    %pushi/real 0, 4065; load=0.00000
    %store/real v0000019d9cfd0d50_0;
    %pushi/vec4 0, 0, 32;
    %store/vec4 v0000019d9cfd08f0_0, 0, 32;
    %pushi/vec4 0, 0, 32;
    %store/vec4 v0000019d9cfd03f0_0, 0, 32;
T_0.0 ;
    %load/vec4 v0000019d9cfd03f0_0;
    %cmpi/s 256, 0, 32;
    %jmp/0xz T_0.1, 5;
    %pushi/vec4 0, 0, 32;
    %store/vec4 v0000019d9cfd0530_0, 0, 32;
T_0.2 ;
    %load/vec4 v0000019d9cfd0530_0;
    %cmpi/s 256, 0, 32;
    %jmp/0xz T_0.3, 5;
    %load/vec4 v0000019d9cfd03f0_0;
    %pad/s 8;
    %store/vec4 v0000019d9cfd07b0_0, 0, 8;
    %load/vec4 v0000019d9cfd0530_0;
    %pad/s 8;
    %store/vec4 v0000019d9cfd0a30_0, 0, 8;
    %delay 1000, 0;
    %load/vec4 v0000019d9cfd07b0_0;
    %pad/u 9;
    %load/vec4 v0000019d9cfd0a30_0;
    %pad/u 9;
    %add;
    %store/vec4 v0000019d9cfd02b0_0, 0, 9;
    %load/vec4 v0000019d9cfd00d0_0;
    %pad/u 32;
    %load/vec4 v0000019d9cfd02b0_0;
    %pad/u 32;
    %sub;
    %store/vec4 v0000019d9cfd0170_0, 0, 32;
    %load/vec4 v0000019d9cfd0170_0;
    %cmpi/s 0, 0, 32;
    %flag_mov 8, 5;
    %jmp/0 T_0.4, 8;
    %load/vec4 v0000019d9cfd0170_0;
    %inv;
    %pushi/vec4 1, 0, 32;
    %add;
    %jmp/1 T_0.5, 8;
T_0.4 ; End of true expr.
    %load/vec4 v0000019d9cfd0170_0;
    %jmp/0 T_0.5, 8;
 ; End of false expr.
    %blend;
T_0.5;
    %store/vec4 v0000019d9cfd0350_0, 0, 32;
    %load/vec4 v0000019d9cfd0170_0;
    %cmpi/ne 0, 0, 32;
    %jmp/0xz  T_0.6, 4;
    %load/vec4 v0000019d9cfd0210_0;
    %addi 1, 0, 32;
    %store/vec4 v0000019d9cfd0210_0, 0, 32;
T_0.6 ;
    %load/real v0000019d9cfd0cb0_0;
    %load/vec4 v0000019d9cfd0170_0;
    %cvt/rv/s;
    %add/wr;
    %store/real v0000019d9cfd0cb0_0;
    %load/real v0000019d9cfd0670_0;
    %load/vec4 v0000019d9cfd0350_0;
    %cvt/rv/s;
    %add/wr;
    %store/real v0000019d9cfd0670_0;
    %load/real v0000019d9cfd0d50_0;
    %load/vec4 v0000019d9cfd0170_0;
    %load/vec4 v0000019d9cfd0170_0;
    %mul;
    %cvt/rv/s;
    %add/wr;
    %store/real v0000019d9cfd0d50_0;
    %load/vec4 v0000019d9cfd08f0_0;
    %addi 1, 0, 32;
    %store/vec4 v0000019d9cfd08f0_0, 0, 32;
    %load/vec4 v0000019d9cfd0530_0;
    %addi 1, 0, 32;
    %store/vec4 v0000019d9cfd0530_0, 0, 32;
    %jmp T_0.2;
T_0.3 ;
    %load/vec4 v0000019d9cfd03f0_0;
    %addi 1, 0, 32;
    %store/vec4 v0000019d9cfd03f0_0, 0, 32;
    %jmp T_0.0;
T_0.1 ;
    %load/real v0000019d9cfd0cb0_0;
    %load/vec4 v0000019d9cfd08f0_0;
    %cvt/rv/s;
    %div/wr;
    %store/real v0000019d9cfd05d0_0;
    %load/real v0000019d9cfd0670_0;
    %load/vec4 v0000019d9cfd08f0_0;
    %cvt/rv/s;
    %div/wr;
    %store/real v0000019d9cfd0b70_0;
    %load/real v0000019d9cfd0d50_0;
    %load/vec4 v0000019d9cfd08f0_0;
    %cvt/rv/s;
    %div/wr;
    %store/real v0000019d9cfd0c10_0;
    %vpi_func/r 2 60 "$sqrt", v0000019d9cfd0c10_0 {0 0 0};
    %store/real v0000019d9cfd0fd0_0;
    %load/real v0000019d9cfd0b70_0;
    %pushi/real 2139095040, 4074; load=510.000
    %div/wr;
    %pushi/real 1677721600, 4072; load=100.000
    %mul/wr;
    %store/real v0000019d9cfd0850_0;
    %vpi_call 2 63 "$display", "============================================" {0 0 0};
    %vpi_call 2 64 "$display", "HOAANED 8-bit Adder Error Metrics" {0 0 0};
    %vpi_call 2 65 "$display", "Total Cases       = %0d", v0000019d9cfd08f0_0 {0 0 0};
    %load/vec4 v0000019d9cfd0210_0;
    %cvt/rv/s;
    %pushi/real 1677721600, 4072; load=100.000
    %mul/wr;
    %load/vec4 v0000019d9cfd08f0_0;
    %cvt/rv/s;
    %div/wr;
    %vpi_call 2 66 "$display", "Error Rate (ER)   = %0.4f %%", W<0,r> {0 1 0};
    %vpi_call 2 67 "$display", "Average Error (AE)= %0.4f", v0000019d9cfd05d0_0 {0 0 0};
    %vpi_call 2 68 "$display", "Mean Abs Error (MAE/MED) = %0.4f", v0000019d9cfd0b70_0 {0 0 0};
    %vpi_call 2 69 "$display", "Mean Square Error (MSE)  = %0.4f", v0000019d9cfd0c10_0 {0 0 0};
    %vpi_call 2 70 "$display", "Root MSE (RMSE)          = %0.4f", v0000019d9cfd0fd0_0 {0 0 0};
    %vpi_call 2 71 "$display", "Mean Error Percentage(MEP)= %0.4f %%", v0000019d9cfd0850_0 {0 0 0};
    %vpi_call 2 72 "$display", "============================================" {0 0 0};
    %vpi_call 2 74 "$finish" {0 0 0};
    %end;
    .thread T_0;
# The file index is used to find the file name in the following table.
:file_names 4;
    "N/A";
    "<interactive>";
    "hoaaned_tb.v";
    "./hoaaned.v";
